Looking for git in: git
Using git 2.17.1 from git
> git rev-parse --git-dir
Open repository: /home/petro/Desktop/reactKnowlegde/reactknowledgedepot
> git status -z -u
> git symbolic-ref --short HEAD
> git for-each-ref --format=%(refname)%00%(upstream:short)%00%(upstream:track)%00%(objectname) refs/heads/master refs/remotes/master
> git for-each-ref --sort -committerdate --format %(refname) %(objectname) %(*objectname)
> git remote --verbose
> git config --get commit.template
> git check-ignore -v -z --stdin
> git show --textconv :src/sagas/mistakes.js
> git ls-files --stage -- /home/petro/Desktop/reactKnowlegde/reactknowledgedepot/src/sagas/mistakes.js
> git cat-file -s e61924a1ad82978f4aadd953918667537348fb10
> git show --textconv :src/components/MistakesFunctional.js
> git ls-files --stage -- /home/petro/Desktop/reactKnowlegde/reactknowledgedepot/src/components/MistakesFunctional.js
> git check-ignore -v -z --stdin
> git show --textconv :src/sagas/mistakes.js
> git ls-files --stage -- /home/petro/Desktop/reactKnowlegde/reactknowledgedepot/src/sagas/mistakes.js
> git cat-file -s e61924a1ad82978f4aadd953918667537348fb10
> git show --textconv :src/reducers/loginsignup.js
> git ls-files --stage -- /home/petro/Desktop/reactKnowlegde/reactknowledgedepot/src/reducers/loginsignup.js
> git cat-file -s dc7df19dd8b5da7c7e25163d491ccf836b785aea
> git show --textconv :src/components/MistakesFunctional.js
> git ls-files --stage -- /home/petro/Desktop/reactKnowlegde/reactknowledgedepot/src/components/MistakesFunctional.js
> git show --textconv :src/reducers/mistakes.js
> git ls-files --stage -- /home/petro/Desktop/reactKnowlegde/reactknowledgedepot/src/reducers/mistakes.js
> git cat-file -s 7961648ad7eaeccdabd4665e01e2a873bffe7948
> git status -z -u
> git symbolic-ref --short HEAD
> git for-each-ref --format=%(refname)%00%(upstream:short)%00%(upstream:track)%00%(objectname) refs/heads/master refs/remotes/master
> git for-each-ref --sort -committerdate --format %(refname) %(objectname) %(*objectname)
> git remote --verbose
> git config --get commit.template
> git show --textconv :src/sagas/mistakes.js
> git ls-files --stage -- /home/petro/Desktop/reactKnowlegde/reactknowledgedepot/src/sagas/mistakes.js
> git cat-file -s e61924a1ad82978f4aadd953918667537348fb10
> git show --textconv :src/states/mistakesState.js
> git ls-files --stage -- /home/petro/Desktop/reactKnowlegde/reactknowledgedepot/src/states/mistakesState.js
> git show --textconv :src/index.js
> git ls-files --stage -- /home/petro/Desktop/reactKnowlegde/reactknowledgedepot/src/index.js
> git cat-file -s fd928dac88fd57ff828ed419b1b76bbee049f920
> git show --textconv :src/reducers/mistakes.js
> git ls-files --stage -- /home/petro/Desktop/reactKnowlegde/reactknowledgedepot/src/reducers/mistakes.js
> git cat-file -s 7961648ad7eaeccdabd4665e01e2a873bffe7948
> git show --textconv :src/actions/mistakes.js
> git ls-files --stage -- /home/petro/Desktop/reactKnowlegde/reactknowledgedepot/src/actions/mistakes.js
> git cat-file -s b001079ddcb3eee2e2db851d01567014044b1c0d
> git check-ignore -v -z --stdin
> git show --textconv :src/reducers/mistakes.js
> git ls-files --stage -- /home/petro/Desktop/reactKnowlegde/reactknowledgedepot/src/reducers/mistakes.js
> git cat-file -s 7961648ad7eaeccdabd4665e01e2a873bffe7948
> git show --textconv :src/actions/mistakes.js
> git ls-files --stage -- /home/petro/Desktop/reactKnowlegde/reactknowledgedepot/src/actions/mistakes.js
> git cat-file -s b001079ddcb3eee2e2db851d01567014044b1c0d
> git show --textconv :src/sagas/mistakes.js
> git ls-files --stage -- /home/petro/Desktop/reactKnowlegde/reactknowledgedepot/src/sagas/mistakes.js
> git cat-file -s e61924a1ad82978f4aadd953918667537348fb10
> git show --textconv :src/states/mistakesState.js
> git ls-files --stage -- /home/petro/Desktop/reactKnowlegde/reactknowledgedepot/src/states/mistakesState.js
> git show --textconv :src/index.js
> git ls-files --stage -- /home/petro/Desktop/reactKnowlegde/reactknowledgedepot/src/index.js
> git cat-file -s fd928dac88fd57ff828ed419b1b76bbee049f920
> git show --textconv :src/components/MistakesFunctional.js
> git ls-files --stage -- /home/petro/Desktop/reactKnowlegde/reactknowledgedepot/src/components/MistakesFunctional.js
> git show --textconv :src/reducers/mistakes.js
> git ls-files --stage -- /home/petro/Desktop/reactKnowlegde/reactknowledgedepot/src/reducers/mistakes.js
> git cat-file -s 7961648ad7eaeccdabd4665e01e2a873bffe7948
> git show --textconv :src/components/MistakesFunctional.js
> git ls-files --stage -- /home/petro/Desktop/reactKnowlegde/reactknowledgedepot/src/components/MistakesFunctional.js
> git show --textconv :src/reducers/mistakes.js
> git ls-files --stage -- /home/petro/Desktop/reactKnowlegde/reactknowledgedepot/src/reducers/mistakes.js
> git cat-file -s 7961648ad7eaeccdabd4665e01e2a873bffe7948
> git show --textconv :src/components/MistakesFunctional.js
> git ls-files --stage -- /home/petro/Desktop/reactKnowlegde/reactknowledgedepot/src/components/MistakesFunctional.js
> git status -z -u
> git symbolic-ref --short HEAD
> git for-each-ref --format=%(refname)%00%(upstream:short)%00%(upstream:track)%00%(objectname) refs/heads/master refs/remotes/master
> git for-each-ref --sort -committerdate --format %(refname) %(objectname) %(*objectname)
> git remote --verbose
> git config --get commit.template
> git show --textconv :src/reducers/mistakes.js
> git ls-files --stage -- /home/petro/Desktop/reactKnowlegde/reactknowledgedepot/src/reducers/mistakes.js
> git cat-file -s 7961648ad7eaeccdabd4665e01e2a873bffe7948
> git show --textconv :src/components/MistakesFunctional.js
> git ls-files --stage -- /home/petro/Desktop/reactKnowlegde/reactknowledgedepot/src/components/MistakesFunctional.js
> git show --textconv :src/reducers/mistakes.js
> git ls-files --stage -- /home/petro/Desktop/reactKnowlegde/reactknowledgedepot/src/reducers/mistakes.js
> git cat-file -s 7961648ad7eaeccdabd4665e01e2a873bffe7948
> git show --textconv :src/components/MistakesFunctional.js
> git ls-files --stage -- /home/petro/Desktop/reactKnowlegde/reactknowledgedepot/src/components/MistakesFunctional.js
> git show --textconv :src/reducers/mistakes.js
> git ls-files --stage -- /home/petro/Desktop/reactKnowlegde/reactknowledgedepot/src/reducers/mistakes.js
> git cat-file -s 7961648ad7eaeccdabd4665e01e2a873bffe7948
> git show --textconv :src/components/MistakesFunctional.js
> git ls-files --stage -- /home/petro/Desktop/reactKnowlegde/reactknowledgedepot/src/components/MistakesFunctional.js
> git show --textconv :src/states/mistakesState.js
> git ls-files --stage -- /home/petro/Desktop/reactKnowlegde/reactknowledgedepot/src/states/mistakesState.js
> git show --textconv :src/components/MistakesFunctional.js
> git ls-files --stage -- /home/petro/Desktop/reactKnowlegde/reactknowledgedepot/src/components/MistakesFunctional.js
> git show --textconv :src/index.js
> git ls-files --stage -- /home/petro/Desktop/reactKnowlegde/reactknowledgedepot/src/index.js
> git cat-file -s fd928dac88fd57ff828ed419b1b76bbee049f920
> git show --textconv :src/components/MistakesFunctional.js
> git ls-files --stage -- /home/petro/Desktop/reactKnowlegde/reactknowledgedepot/src/components/MistakesFunctional.js
> git show --textconv :src/sagas/mistakes.js
> git ls-files --stage -- /home/petro/Desktop/reactKnowlegde/reactknowledgedepot/src/sagas/mistakes.js
> git cat-file -s e61924a1ad82978f4aadd953918667537348fb10
> git show --textconv :src/components/MistakesFunctional.js
> git ls-files --stage -- /home/petro/Desktop/reactKnowlegde/reactknowledgedepot/src/components/MistakesFunctional.js
> git status -z -u
> git symbolic-ref --short HEAD
> git for-each-ref --format=%(refname)%00%(upstream:short)%00%(upstream:track)%00%(objectname) refs/heads/master refs/remotes/master
> git for-each-ref --sort -committerdate --format %(refname) %(objectname) %(*objectname)
> git remote --verbose
> git config --get commit.template
> git status -z -u
> git symbolic-ref --short HEAD
> git for-each-ref --format=%(refname)%00%(upstream:short)%00%(upstream:track)%00%(objectname) refs/heads/master refs/remotes/master
> git for-each-ref --sort -committerdate --format %(refname) %(objectname) %(*objectname)
> git remote --verbose
> git config --get commit.template
> git status -z -u
> git symbolic-ref --short HEAD
> git for-each-ref --format=%(refname)%00%(upstream:short)%00%(upstream:track)%00%(objectname) refs/heads/master refs/remotes/master
> git for-each-ref --sort -committerdate --format %(refname) %(objectname) %(*objectname)
> git remote --verbose
> git config --get commit.template
> git status -z -u
> git symbolic-ref --short HEAD
> git for-each-ref --format=%(refname)%00%(upstream:short)%00%(upstream:track)%00%(objectname) refs/heads/master refs/remotes/master
> git for-each-ref --sort -committerdate --format %(refname) %(objectname) %(*objectname)
> git remote --verbose
> git config --get commit.template
> git status -z -u
> git symbolic-ref --short HEAD
> git for-each-ref --format=%(refname)%00%(upstream:short)%00%(upstream:track)%00%(objectname) refs/heads/master refs/remotes/master
> git for-each-ref --sort -committerdate --format %(refname) %(objectname) %(*objectname)
> git remote --verbose
> git config --get commit.template
> git status -z -u
> git symbolic-ref --short HEAD
> git for-each-ref --format=%(refname)%00%(upstream:short)%00%(upstream:track)%00%(objectname) refs/heads/master refs/remotes/master
> git for-each-ref --sort -committerdate --format %(refname) %(objectname) %(*objectname)
> git remote --verbose
> git config --get commit.template
> git status -z -u
> git symbolic-ref --short HEAD
> git for-each-ref --format=%(refname)%00%(upstream:short)%00%(upstream:track)%00%(objectname) refs/heads/master refs/remotes/master
> git for-each-ref --sort -committerdate --format %(refname) %(objectname) %(*objectname)
> git remote --verbose
> git config --get commit.template
> git status -z -u
> git symbolic-ref --short HEAD
> git for-each-ref --format=%(refname)%00%(upstream:short)%00%(upstream:track)%00%(objectname) refs/heads/master refs/remotes/master
> git for-each-ref --sort -committerdate --format %(refname) %(objectname) %(*objectname)
> git remote --verbose
> git config --get commit.template
> git status -z -u
> git symbolic-ref --short HEAD
> git for-each-ref --format=%(refname)%00%(upstream:short)%00%(upstream:track)%00%(objectname) refs/heads/master refs/remotes/master
> git for-each-ref --sort -committerdate --format %(refname) %(objectname) %(*objectname)
> git remote --verbose
> git config --get commit.template
> git status -z -u
> git symbolic-ref --short HEAD
> git for-each-ref --format=%(refname)%00%(upstream:short)%00%(upstream:track)%00%(objectname) refs/heads/master refs/remotes/master
> git for-each-ref --sort -committerdate --format %(refname) %(objectname) %(*objectname)
> git remote --verbose
> git config --get commit.template
> git show --textconv :src/components/Mistakes.js
> git ls-files --stage -- /home/petro/Desktop/reactKnowlegde/reactknowledgedepot/src/components/Mistakes.js
> git cat-file -s 93398d9102a68adac683840532a13e75a64bc599
> git show --textconv :src/components/MistakesFunctional.js
> git ls-files --stage -- /home/petro/Desktop/reactKnowlegde/reactknowledgedepot/src/components/MistakesFunctional.js
> git status -z -u
> git symbolic-ref --short HEAD
> git for-each-ref --format=%(refname)%00%(upstream:short)%00%(upstream:track)%00%(objectname) refs/heads/master refs/remotes/master
> git for-each-ref --sort -committerdate --format %(refname) %(objectname) %(*objectname)
> git remote --verbose
> git config --get commit.template
> git show --textconv :src/components/AboutCookie.js
> git ls-files --stage -- /home/petro/Desktop/reactKnowlegde/reactknowledgedepot/src/components/AboutCookie.js
> git cat-file -s 4177d159c1ad926f39648512efc3f9af7324e935
> git show --textconv :src/components/MistakesFunctional.js
> git ls-files --stage -- /home/petro/Desktop/reactKnowlegde/reactknowledgedepot/src/components/MistakesFunctional.js
> git status -z -u
> git symbolic-ref --short HEAD
> git for-each-ref --format=%(refname)%00%(upstream:short)%00%(upstream:track)%00%(objectname) refs/heads/master refs/remotes/master
> git for-each-ref --sort -committerdate --format %(refname) %(objectname) %(*objectname)
> git remote --verbose
> git config --get commit.template
> git log --format=%H%n%aN%n%aE%n%at%n%ct%n%P%n%B -z -n21 -- /home/petro/Desktop/reactKnowlegde/reactknowledgedepot/src/components/MistakesFunctional.js
> git status -z -u
> git symbolic-ref --short HEAD
> git for-each-ref --format=%(refname)%00%(upstream:short)%00%(upstream:track)%00%(objectname) refs/heads/master refs/remotes/master
> git for-each-ref --sort -committerdate --format %(refname) %(objectname) %(*objectname)
> git remote --verbose
> git config --get commit.template
> git status -z -u
> git symbolic-ref --short HEAD
> git for-each-ref --format=%(refname)%00%(upstream:short)%00%(upstream:track)%00%(objectname) refs/heads/master refs/remotes/master
> git for-each-ref --sort -committerdate --format %(refname) %(objectname) %(*objectname)
> git remote --verbose
> git config --get commit.template
> git status -z -u
> git symbolic-ref --short HEAD
> git for-each-ref --format=%(refname)%00%(upstream:short)%00%(upstream:track)%00%(objectname) refs/heads/master refs/remotes/master
> git for-each-ref --sort -committerdate --format %(refname) %(objectname) %(*objectname)
> git remote --verbose
> git config --get commit.template
> git show --textconv :src/components/AboutCookie.js
> git ls-files --stage -- /home/petro/Desktop/reactKnowlegde/reactknowledgedepot/src/components/AboutCookie.js
> git cat-file -s 4177d159c1ad926f39648512efc3f9af7324e935
> git show --textconv :src/components/MistakesFunctional.js
> git ls-files --stage -- /home/petro/Desktop/reactKnowlegde/reactknowledgedepot/src/components/MistakesFunctional.js
> git show --textconv :src/reducers/mistakes.js
> git ls-files --stage -- /home/petro/Desktop/reactKnowlegde/reactknowledgedepot/src/reducers/mistakes.js
> git cat-file -s 7961648ad7eaeccdabd4665e01e2a873bffe7948
> git show --textconv :src/components/MistakesFunctional.js
> git ls-files --stage -- /home/petro/Desktop/reactKnowlegde/reactknowledgedepot/src/components/MistakesFunctional.js
> git status -z -u
> git symbolic-ref --short HEAD
> git for-each-ref --format=%(refname)%00%(upstream:short)%00%(upstream:track)%00%(objectname) refs/heads/master refs/remotes/master
> git for-each-ref --sort -committerdate --format %(refname) %(objectname) %(*objectname)
> git remote --verbose
> git config --get commit.template
> git status -z -u
> git symbolic-ref --short HEAD
> git for-each-ref --format=%(refname)%00%(upstream:short)%00%(upstream:track)%00%(objectname) refs/heads/master refs/remotes/master
> git for-each-ref --sort -committerdate --format %(refname) %(objectname) %(*objectname)
> git remote --verbose
> git config --get commit.template
> git status -z -u
> git symbolic-ref --short HEAD
> git for-each-ref --format=%(refname)%00%(upstream:short)%00%(upstream:track)%00%(objectname) refs/heads/master refs/remotes/master
> git for-each-ref --sort -committerdate --format %(refname) %(objectname) %(*objectname)
> git remote --verbose
> git config --get commit.template
> git status -z -u
> git symbolic-ref --short HEAD
> git for-each-ref --format=%(refname)%00%(upstream:short)%00%(upstream:track)%00%(objectname) refs/heads/master refs/remotes/master
> git for-each-ref --sort -committerdate --format %(refname) %(objectname) %(*objectname)
> git remote --verbose
> git config --get commit.template
> git show --textconv :src/reducers/mistakes.js
> git ls-files --stage -- /home/petro/Desktop/reactKnowlegde/reactknowledgedepot/src/reducers/mistakes.js
> git cat-file -s 7961648ad7eaeccdabd4665e01e2a873bffe7948
> git status -z -u
> git symbolic-ref --short HEAD
> git for-each-ref --format=%(refname)%00%(upstream:short)%00%(upstream:track)%00%(objectname) refs/heads/master refs/remotes/master
> git for-each-ref --sort -committerdate --format %(refname) %(objectname) %(*objectname)
> git remote --verbose
> git config --get commit.template
> git show --textconv :src/components/MistakesFunctional.js
> git ls-files --stage -- /home/petro/Desktop/reactKnowlegde/reactknowledgedepot/src/components/MistakesFunctional.js
> git status -z -u
> git symbolic-ref --short HEAD
> git for-each-ref --format=%(refname)%00%(upstream:short)%00%(upstream:track)%00%(objectname) refs/heads/master refs/remotes/master
> git for-each-ref --sort -committerdate --format %(refname) %(objectname) %(*objectname)
> git remote --verbose
> git config --get commit.template
> git status -z -u
> git symbolic-ref --short HEAD
> git for-each-ref --format=%(refname)%00%(upstream:short)%00%(upstream:track)%00%(objectname) refs/heads/master refs/remotes/master
> git for-each-ref --sort -committerdate --format %(refname) %(objectname) %(*objectname)
> git remote --verbose
> git config --get commit.template
> git status -z -u
> git symbolic-ref --short HEAD
> git for-each-ref --format=%(refname)%00%(upstream:short)%00%(upstream:track)%00%(objectname) refs/heads/master refs/remotes/master
> git for-each-ref --sort -committerdate --format %(refname) %(objectname) %(*objectname)
> git remote --verbose
> git config --get commit.template
> git status -z -u
> git symbolic-ref --short HEAD
> git for-each-ref --format=%(refname)%00%(upstream:short)%00%(upstream:track)%00%(objectname) refs/heads/master refs/remotes/master
> git for-each-ref --sort -committerdate --format %(refname) %(objectname) %(*objectname)
> git remote --verbose
> git config --get commit.template
> git status -z -u
> git symbolic-ref --short HEAD
> git for-each-ref --format=%(refname)%00%(upstream:short)%00%(upstream:track)%00%(objectname) refs/heads/master refs/remotes/master
> git for-each-ref --sort -committerdate --format %(refname) %(objectname) %(*objectname)
> git remote --verbose
> git config --get commit.template
> git status -z -u
> git symbolic-ref --short HEAD
> git for-each-ref --format=%(refname)%00%(upstream:short)%00%(upstream:track)%00%(objectname) refs/heads/master refs/remotes/master
> git for-each-ref --sort -committerdate --format %(refname) %(objectname) %(*objectname)
> git remote --verbose
> git config --get commit.template
> git status -z -u
> git symbolic-ref --short HEAD
> git for-each-ref --format=%(refname)%00%(upstream:short)%00%(upstream:track)%00%(objectname) refs/heads/master refs/remotes/master
> git for-each-ref --sort -committerdate --format %(refname) %(objectname) %(*objectname)
> git remote --verbose
> git config --get commit.template
> git status -z -u
> git symbolic-ref --short HEAD
> git for-each-ref --format=%(refname)%00%(upstream:short)%00%(upstream:track)%00%(objectname) refs/heads/master refs/remotes/master
> git for-each-ref --sort -committerdate --format %(refname) %(objectname) %(*objectname)
> git remote --verbose
> git config --get commit.template
> git status -z -u
> git symbolic-ref --short HEAD
> git for-each-ref --format=%(refname)%00%(upstream:short)%00%(upstream:track)%00%(objectname) refs/heads/master refs/remotes/master
> git for-each-ref --sort -committerdate --format %(refname) %(objectname) %(*objectname)
> git remote --verbose
> git config --get commit.template
> git show --textconv :src/reducers/mistakes.js
> git ls-files --stage -- /home/petro/Desktop/reactKnowlegde/reactknowledgedepot/src/reducers/mistakes.js
> git cat-file -s 7961648ad7eaeccdabd4665e01e2a873bffe7948
> git show --textconv :src/actions/mistakes.js
> git ls-files --stage -- /home/petro/Desktop/reactKnowlegde/reactknowledgedepot/src/actions/mistakes.js
> git cat-file -s b001079ddcb3eee2e2db851d01567014044b1c0d
> git show --textconv :src/reducers/mistakes.js
> git ls-files --stage -- /home/petro/Desktop/reactKnowlegde/reactknowledgedepot/src/reducers/mistakes.js
> git cat-file -s 7961648ad7eaeccdabd4665e01e2a873bffe7948
> git show --textconv :src/states/mistakesState.js
> git ls-files --stage -- /home/petro/Desktop/reactKnowlegde/reactknowledgedepot/src/states/mistakesState.js
> git show --textconv :src/components/MistakesFunctional.js
> git ls-files --stage -- /home/petro/Desktop/reactKnowlegde/reactknowledgedepot/src/components/MistakesFunctional.js
> git status -z -u
> git symbolic-ref --short HEAD
> git for-each-ref --format=%(refname)%00%(upstream:short)%00%(upstream:track)%00%(objectname) refs/heads/master refs/remotes/master
> git for-each-ref --sort -committerdate --format %(refname) %(objectname) %(*objectname)
> git remote --verbose
> git config --get commit.template
> git status -z -u
> git symbolic-ref --short HEAD
> git for-each-ref --format=%(refname)%00%(upstream:short)%00%(upstream:track)%00%(objectname) refs/heads/master refs/remotes/master
> git for-each-ref --sort -committerdate --format %(refname) %(objectname) %(*objectname)
> git remote --verbose
> git config --get commit.template
> git status -z -u
> git symbolic-ref --short HEAD
> git for-each-ref --format=%(refname)%00%(upstream:short)%00%(upstream:track)%00%(objectname) refs/heads/master refs/remotes/master
> git for-each-ref --sort -committerdate --format %(refname) %(objectname) %(*objectname)
> git remote --verbose
> git config --get commit.template
> git status -z -u
> git symbolic-ref --short HEAD
> git for-each-ref --format=%(refname)%00%(upstream:short)%00%(upstream:track)%00%(objectname) refs/heads/master refs/remotes/master
> git for-each-ref --sort -committerdate --format %(refname) %(objectname) %(*objectname)
> git remote --verbose
> git config --get commit.template
> git status -z -u
> git symbolic-ref --short HEAD
> git for-each-ref --format=%(refname)%00%(upstream:short)%00%(upstream:track)%00%(objectname) refs/heads/master refs/remotes/master
> git for-each-ref --sort -committerdate --format %(refname) %(objectname) %(*objectname)
> git remote --verbose
> git config --get commit.template
> git status -z -u
> git symbolic-ref --short HEAD
> git for-each-ref --format=%(refname)%00%(upstream:short)%00%(upstream:track)%00%(objectname) refs/heads/master refs/remotes/master
> git for-each-ref --sort -committerdate --format %(refname) %(objectname) %(*objectname)
> git remote --verbose
> git config --get commit.template
> git status -z -u
> git symbolic-ref --short HEAD
> git for-each-ref --format=%(refname)%00%(upstream:short)%00%(upstream:track)%00%(objectname) refs/heads/master refs/remotes/master
> git for-each-ref --sort -committerdate --format %(refname) %(objectname) %(*objectname)
> git remote --verbose
> git config --get commit.template
> git status -z -u
> git symbolic-ref --short HEAD
> git for-each-ref --format=%(refname)%00%(upstream:short)%00%(upstream:track)%00%(objectname) refs/heads/master refs/remotes/master
> git for-each-ref --sort -committerdate --format %(refname) %(objectname) %(*objectname)
> git remote --verbose
> git config --get commit.template
> git show --textconv :src/reducers/mistakes.js
> git ls-files --stage -- /home/petro/Desktop/reactKnowlegde/reactknowledgedepot/src/reducers/mistakes.js
> git cat-file -s 7961648ad7eaeccdabd4665e01e2a873bffe7948
> git status -z -u
> git symbolic-ref --short HEAD
> git for-each-ref --format=%(refname)%00%(upstream:short)%00%(upstream:track)%00%(objectname) refs/heads/master refs/remotes/master
> git for-each-ref --sort -committerdate --format %(refname) %(objectname) %(*objectname)
> git remote --verbose
> git config --get commit.template
> git show --textconv :src/components/MistakesFunctional.js
> git ls-files --stage -- /home/petro/Desktop/reactKnowlegde/reactknowledgedepot/src/components/MistakesFunctional.js
> git show --textconv :src/components/AboutCookie.js
> git ls-files --stage -- /home/petro/Desktop/reactKnowlegde/reactknowledgedepot/src/components/AboutCookie.js
> git cat-file -s 4177d159c1ad926f39648512efc3f9af7324e935
> git show --textconv :src/components/MistakesFunctional.js
> git ls-files --stage -- /home/petro/Desktop/reactKnowlegde/reactknowledgedepot/src/components/MistakesFunctional.js
> git log --format=%H%n%aN%n%aE%n%at%n%ct%n%P%n%B -z -n21 -- /home/petro/Desktop/reactKnowlegde/reactknowledgedepot/src/components/MistakesFunctional.js
> git show --textconv :src/actions/mistakes.js
> git ls-files --stage -- /home/petro/Desktop/reactKnowlegde/reactknowledgedepot/src/actions/mistakes.js
> git cat-file -s b001079ddcb3eee2e2db851d01567014044b1c0d
> git show --textconv :src/components/MistakesFunctional.js
> git ls-files --stage -- /home/petro/Desktop/reactKnowlegde/reactknowledgedepot/src/components/MistakesFunctional.js
> git show --textconv :src/components/AdminEditQuestion.js
> git ls-files --stage -- /home/petro/Desktop/reactKnowlegde/reactknowledgedepot/src/components/AdminEditQuestion.js
> git cat-file -s 3c92a84abd7d6ccbe1df3a9fe5aaaf2ce2286f05
> git show --textconv :src/components/MistakesFunctional.js
> git ls-files --stage -- /home/petro/Desktop/reactKnowlegde/reactknowledgedepot/src/components/MistakesFunctional.js
> git show --textconv :src/components/AddMyQuestions.js
> git ls-files --stage -- /home/petro/Desktop/reactKnowlegde/reactknowledgedepot/src/components/AddMyQuestions.js
> git cat-file -s d833ac4b521fb46d9a21bdb53eb62e63aa1279e7
> git show --textconv :src/components/MistakesFunctional.js
> git ls-files --stage -- /home/petro/Desktop/reactKnowlegde/reactknowledgedepot/src/components/MistakesFunctional.js
> git show --textconv :src/components/AddMyQuestions.js
> git ls-files --stage -- /home/petro/Desktop/reactKnowlegde/reactknowledgedepot/src/components/AddMyQuestions.js
> git cat-file -s d833ac4b521fb46d9a21bdb53eb62e63aa1279e7
> git show --textconv :src/components/MistakesFunctional.js
> git ls-files --stage -- /home/petro/Desktop/reactKnowlegde/reactknowledgedepot/src/components/MistakesFunctional.js
> git show --textconv :src/components/AddMyQuestions.js
> git ls-files --stage -- /home/petro/Desktop/reactKnowlegde/reactknowledgedepot/src/components/AddMyQuestions.js
> git cat-file -s d833ac4b521fb46d9a21bdb53eb62e63aa1279e7
> git show --textconv :src/components/MistakesFunctional.js
> git ls-files --stage -- /home/petro/Desktop/reactKnowlegde/reactknowledgedepot/src/components/MistakesFunctional.js
> git status -z -u
> git symbolic-ref --short HEAD
> git for-each-ref --format=%(refname)%00%(upstream:short)%00%(upstream:track)%00%(objectname) refs/heads/master refs/remotes/master
> git for-each-ref --sort -committerdate --format %(refname) %(objectname) %(*objectname)
> git remote --verbose
> git config --get commit.template
> git show --textconv :src/components/AddMyQuestions.js
> git ls-files --stage -- /home/petro/Desktop/reactKnowlegde/reactknowledgedepot/src/components/AddMyQuestions.js
> git cat-file -s d833ac4b521fb46d9a21bdb53eb62e63aa1279e7
> git show --textconv :src/components/MistakesFunctional.js
> git ls-files --stage -- /home/petro/Desktop/reactKnowlegde/reactknowledgedepot/src/components/MistakesFunctional.js
> git status -z -u
> git symbolic-ref --short HEAD
> git for-each-ref --format=%(refname)%00%(upstream:short)%00%(upstream:track)%00%(objectname) refs/heads/master refs/remotes/master
> git for-each-ref --sort -committerdate --format %(refname) %(objectname) %(*objectname)
> git remote --verbose
> git config --get commit.template
> git show --textconv :src/components/AdmineditQuestions.js
> git ls-files --stage -- /home/petro/Desktop/reactKnowlegde/reactknowledgedepot/src/components/AdmineditQuestions.js
> git cat-file -s 3ce8f84b6e6fd3f08d2646eaba2c91328be4e372
> git show --textconv :src/components/MistakesFunctional.js
> git ls-files --stage -- /home/petro/Desktop/reactKnowlegde/reactknowledgedepot/src/components/MistakesFunctional.js
> git show --textconv :src/components/AddMyQuestions.js
> git ls-files --stage -- /home/petro/Desktop/reactKnowlegde/reactknowledgedepot/src/components/AddMyQuestions.js
> git cat-file -s d833ac4b521fb46d9a21bdb53eb62e63aa1279e7
> git show --textconv :src/components/MistakesFunctional.js
> git ls-files --stage -- /home/petro/Desktop/reactKnowlegde/reactknowledgedepot/src/components/MistakesFunctional.js
> git status -z -u
> git symbolic-ref --short HEAD
> git for-each-ref --format=%(refname)%00%(upstream:short)%00%(upstream:track)%00%(objectname) refs/heads/master refs/remotes/master
> git for-each-ref --sort -committerdate --format %(refname) %(objectname) %(*objectname)
> git remote --verbose
> git config --get commit.template
> git status -z -u
> git symbolic-ref --short HEAD
> git for-each-ref --format=%(refname)%00%(upstream:short)%00%(upstream:track)%00%(objectname) refs/heads/master refs/remotes/master
> git for-each-ref --sort -committerdate --format %(refname) %(objectname) %(*objectname)
> git remote --verbose
> git config --get commit.template
> git show --textconv :src/reducers/loginsignup.js
> git ls-files --stage -- /home/petro/Desktop/reactKnowlegde/reactknowledgedepot/src/reducers/loginsignup.js
> git cat-file -s dc7df19dd8b5da7c7e25163d491ccf836b785aea
> git status -z -u
> git symbolic-ref --short HEAD
> git for-each-ref --format=%(refname)%00%(upstream:short)%00%(upstream:track)%00%(objectname) refs/heads/master refs/remotes/master
> git for-each-ref --sort -committerdate --format %(refname) %(objectname) %(*objectname)
> git remote --verbose
> git config --get commit.template
> git status -z -u
> git symbolic-ref --short HEAD
> git for-each-ref --format=%(refname)%00%(upstream:short)%00%(upstream:track)%00%(objectname) refs/heads/master refs/remotes/master
> git for-each-ref --sort -committerdate --format %(refname) %(objectname) %(*objectname)
> git remote --verbose
> git config --get commit.template
> git status -z -u
> git symbolic-ref --short HEAD
> git for-each-ref --format=%(refname)%00%(upstream:short)%00%(upstream:track)%00%(objectname) refs/heads/master refs/remotes/master
> git for-each-ref --sort -committerdate --format %(refname) %(objectname) %(*objectname)
> git remote --verbose
> git config --get commit.template
> git status -z -u
> git symbolic-ref --short HEAD
> git for-each-ref --format=%(refname)%00%(upstream:short)%00%(upstream:track)%00%(objectname) refs/heads/master refs/remotes/master
> git for-each-ref --sort -committerdate --format %(refname) %(objectname) %(*objectname)
> git remote --verbose
> git config --get commit.template
> git show --textconv :src/components/MistakesFunctional.js
> git ls-files --stage -- /home/petro/Desktop/reactKnowlegde/reactknowledgedepot/src/components/MistakesFunctional.js
> git status -z -u
> git symbolic-ref --short HEAD
> git for-each-ref --format=%(refname)%00%(upstream:short)%00%(upstream:track)%00%(objectname) refs/heads/master refs/remotes/master
> git for-each-ref --sort -committerdate --format %(refname) %(objectname) %(*objectname)
> git remote --verbose
> git config --get commit.template
> git status -z -u
> git symbolic-ref --short HEAD
> git for-each-ref --format=%(refname)%00%(upstream:short)%00%(upstream:track)%00%(objectname) refs/heads/master refs/remotes/master
> git for-each-ref --sort -committerdate --format %(refname) %(objectname) %(*objectname)
> git remote --verbose
> git config --get commit.template
> git status -z -u
> git symbolic-ref --short HEAD
> git for-each-ref --format=%(refname)%00%(upstream:short)%00%(upstream:track)%00%(objectname) refs/heads/master refs/remotes/master
> git for-each-ref --sort -committerdate --format %(refname) %(objectname) %(*objectname)
> git remote --verbose
> git config --get commit.template
> git status -z -u
> git symbolic-ref --short HEAD
> git for-each-ref --format=%(refname)%00%(upstream:short)%00%(upstream:track)%00%(objectname) refs/heads/master refs/remotes/master
> git for-each-ref --sort -committerdate --format %(refname) %(objectname) %(*objectname)
> git remote --verbose
> git config --get commit.template
> git status -z -u
> git symbolic-ref --short HEAD
> git for-each-ref --format=%(refname)%00%(upstream:short)%00%(upstream:track)%00%(objectname) refs/heads/master refs/remotes/master
> git for-each-ref --sort -committerdate --format %(refname) %(objectname) %(*objectname)
> git remote --verbose
> git config --get commit.template
> git status -z -u
> git symbolic-ref --short HEAD
> git for-each-ref --format=%(refname)%00%(upstream:short)%00%(upstream:track)%00%(objectname) refs/heads/master refs/remotes/master
> git for-each-ref --sort -committerdate --format %(refname) %(objectname) %(*objectname)
> git remote --verbose
> git config --get commit.template
> git status -z -u
> git symbolic-ref --short HEAD
> git for-each-ref --format=%(refname)%00%(upstream:short)%00%(upstream:track)%00%(objectname) refs/heads/master refs/remotes/master
> git for-each-ref --sort -committerdate --format %(refname) %(objectname) %(*objectname)
> git remote --verbose
> git config --get commit.template
> git status -z -u
> git symbolic-ref --short HEAD
> git for-each-ref --format=%(refname)%00%(upstream:short)%00%(upstream:track)%00%(objectname) refs/heads/master refs/remotes/master
> git for-each-ref --sort -committerdate --format %(refname) %(objectname) %(*objectname)
> git remote --verbose
> git config --get commit.template
> git status -z -u
> git symbolic-ref --short HEAD
> git for-each-ref --format=%(refname)%00%(upstream:short)%00%(upstream:track)%00%(objectname) refs/heads/master refs/remotes/master
> git for-each-ref --sort -committerdate --format %(refname) %(objectname) %(*objectname)
> git remote --verbose
> git config --get commit.template
> git status -z -u
> git symbolic-ref --short HEAD
> git for-each-ref --format=%(refname)%00%(upstream:short)%00%(upstream:track)%00%(objectname) refs/heads/master refs/remotes/master
> git for-each-ref --sort -committerdate --format %(refname) %(objectname) %(*objectname)
> git remote --verbose
> git config --get commit.template
> git show --textconv :src/components/Mistakes.js
> git ls-files --stage -- /home/petro/Desktop/reactKnowlegde/reactknowledgedepot/src/components/Mistakes.js
> git cat-file -s 93398d9102a68adac683840532a13e75a64bc599
> git show --textconv :src/components/MistakesFunctional.js
> git ls-files --stage -- /home/petro/Desktop/reactKnowlegde/reactknowledgedepot/src/components/MistakesFunctional.js
> git show --textconv :src/components/Mistakes.js
> git ls-files --stage -- /home/petro/Desktop/reactKnowlegde/reactknowledgedepot/src/components/Mistakes.js
> git cat-file -s 93398d9102a68adac683840532a13e75a64bc599
> git show --textconv :src/components/MistakesFunctional.js
> git ls-files --stage -- /home/petro/Desktop/reactKnowlegde/reactknowledgedepot/src/components/MistakesFunctional.js
> git show --textconv :src/components/Mistakes.js
> git ls-files --stage -- /home/petro/Desktop/reactKnowlegde/reactknowledgedepot/src/components/Mistakes.js
> git cat-file -s 93398d9102a68adac683840532a13e75a64bc599
> git show --textconv :src/components/MistakesFunctional.js
> git ls-files --stage -- /home/petro/Desktop/reactKnowlegde/reactknowledgedepot/src/components/MistakesFunctional.js
> git show --textconv :src/components/Mistakes.js
> git ls-files --stage -- /home/petro/Desktop/reactKnowlegde/reactknowledgedepot/src/components/Mistakes.js
> git cat-file -s 93398d9102a68adac683840532a13e75a64bc599
> git show --textconv :src/components/MistakesFunctional.js
> git ls-files --stage -- /home/petro/Desktop/reactKnowlegde/reactknowledgedepot/src/components/MistakesFunctional.js
> git status -z -u
> git symbolic-ref --short HEAD
> git for-each-ref --format=%(refname)%00%(upstream:short)%00%(upstream:track)%00%(objectname) refs/heads/master refs/remotes/master
> git for-each-ref --sort -committerdate --format %(refname) %(objectname) %(*objectname)
> git remote --verbose
> git config --get commit.template
> git status -z -u
> git symbolic-ref --short HEAD
> git for-each-ref --format=%(refname)%00%(upstream:short)%00%(upstream:track)%00%(objectname) refs/heads/master refs/remotes/master
> git for-each-ref --sort -committerdate --format %(refname) %(objectname) %(*objectname)
> git remote --verbose
> git config --get commit.template
> git status -z -u
> git symbolic-ref --short HEAD
> git for-each-ref --format=%(refname)%00%(upstream:short)%00%(upstream:track)%00%(objectname) refs/heads/master refs/remotes/master
> git for-each-ref --sort -committerdate --format %(refname) %(objectname) %(*objectname)
> git remote --verbose
> git config --get commit.template
> git show --textconv :src/components/Mistakes.js
> git ls-files --stage -- /home/petro/Desktop/reactKnowlegde/reactknowledgedepot/src/components/Mistakes.js
> git cat-file -s 93398d9102a68adac683840532a13e75a64bc599
> git show --textconv :src/components/MistakesFunctional.js
> git ls-files --stage -- /home/petro/Desktop/reactKnowlegde/reactknowledgedepot/src/components/MistakesFunctional.js
> git show --textconv :src/components/Mistakes.js
> git ls-files --stage -- /home/petro/Desktop/reactKnowlegde/reactknowledgedepot/src/components/Mistakes.js
> git cat-file -s 93398d9102a68adac683840532a13e75a64bc599
> git show --textconv :src/components/MistakesFunctional.js
> git ls-files --stage -- /home/petro/Desktop/reactKnowlegde/reactknowledgedepot/src/components/MistakesFunctional.js
> git status -z -u
> git symbolic-ref --short HEAD
> git for-each-ref --format=%(refname)%00%(upstream:short)%00%(upstream:track)%00%(objectname) refs/heads/master refs/remotes/master
> git for-each-ref --sort -committerdate --format %(refname) %(objectname) %(*objectname)
> git remote --verbose
> git config --get commit.template
> git status -z -u
> git symbolic-ref --short HEAD
> git for-each-ref --format=%(refname)%00%(upstream:short)%00%(upstream:track)%00%(objectname) refs/heads/master refs/remotes/master
> git for-each-ref --sort -committerdate --format %(refname) %(objectname) %(*objectname)
> git remote --verbose
> git config --get commit.template
> git show --textconv :src/components/Mistakes.js
> git ls-files --stage -- /home/petro/Desktop/reactKnowlegde/reactknowledgedepot/src/components/Mistakes.js
> git cat-file -s 93398d9102a68adac683840532a13e75a64bc599
> git show --textconv :src/actions/settings.js
> git ls-files --stage -- /home/petro/Desktop/reactKnowlegde/reactknowledgedepot/src/actions/settings.js
> git cat-file -s 1bd3dd9ef1a0b4c175bd6b5345d422b629076ec9
> git show --textconv :src/components/MistakesFunctional.js
> git ls-files --stage -- /home/petro/Desktop/reactKnowlegde/reactknowledgedepot/src/components/MistakesFunctional.js
> git status -z -u
> git symbolic-ref --short HEAD
> git for-each-ref --format=%(refname)%00%(upstream:short)%00%(upstream:track)%00%(objectname) refs/heads/master refs/remotes/master
> git for-each-ref --sort -committerdate --format %(refname) %(objectname) %(*objectname)
> git remote --verbose
> git config --get commit.template
> git status -z -u
> git symbolic-ref --short HEAD
> git for-each-ref --format=%(refname)%00%(upstream:short)%00%(upstream:track)%00%(objectname) refs/heads/master refs/remotes/master
> git for-each-ref --sort -committerdate --format %(refname) %(objectname) %(*objectname)
> git remote --verbose
> git config --get commit.template
> git show --textconv :src/actions/settings.js
> git ls-files --stage -- /home/petro/Desktop/reactKnowlegde/reactknowledgedepot/src/actions/settings.js
> git cat-file -s 1bd3dd9ef1a0b4c175bd6b5345d422b629076ec9
> git show --textconv :src/components/MistakesFunctional.js
> git ls-files --stage -- /home/petro/Desktop/reactKnowlegde/reactknowledgedepot/src/components/MistakesFunctional.js
> git status -z -u
> git symbolic-ref --short HEAD
> git for-each-ref --format=%(refname)%00%(upstream:short)%00%(upstream:track)%00%(objectname) refs/heads/master refs/remotes/master
> git for-each-ref --sort -committerdate --format %(refname) %(objectname) %(*objectname)
> git remote --verbose
> git config --get commit.template
> git show --textconv :src/actions/settings.js
> git ls-files --stage -- /home/petro/Desktop/reactKnowlegde/reactknowledgedepot/src/actions/settings.js
> git cat-file -s 1bd3dd9ef1a0b4c175bd6b5345d422b629076ec9
> git show --textconv :src/components/MistakesFunctional.js
> git ls-files --stage -- /home/petro/Desktop/reactKnowlegde/reactknowledgedepot/src/components/MistakesFunctional.js
> git status -z -u
> git symbolic-ref --short HEAD
> git for-each-ref --format=%(refname)%00%(upstream:short)%00%(upstream:track)%00%(objectname) refs/heads/master refs/remotes/master
> git for-each-ref --sort -committerdate --format %(refname) %(objectname) %(*objectname)
> git remote --verbose
> git config --get commit.template
> git status -z -u
> git symbolic-ref --short HEAD
> git for-each-ref --format=%(refname)%00%(upstream:short)%00%(upstream:track)%00%(objectname) refs/heads/master refs/remotes/master
> git for-each-ref --sort -committerdate --format %(refname) %(objectname) %(*objectname)
> git remote --verbose
> git config --get commit.template
> git status -z -u
> git symbolic-ref --short HEAD
> git for-each-ref --format=%(refname)%00%(upstream:short)%00%(upstream:track)%00%(objectname) refs/heads/master refs/remotes/master
> git for-each-ref --sort -committerdate --format %(refname) %(objectname) %(*objectname)
> git remote --verbose
> git config --get commit.template
> git show --textconv :src/components/Mistakes.js
> git ls-files --stage -- /home/petro/Desktop/reactKnowlegde/reactknowledgedepot/src/components/Mistakes.js
> git cat-file -s 93398d9102a68adac683840532a13e75a64bc599
> git show --textconv :src/actions/mistakes.js
> git ls-files --stage -- /home/petro/Desktop/reactKnowlegde/reactknowledgedepot/src/actions/mistakes.js
> git cat-file -s b001079ddcb3eee2e2db851d01567014044b1c0d
> git show --textconv :src/components/MistakesFunctional.js
> git ls-files --stage -- /home/petro/Desktop/reactKnowlegde/reactknowledgedepot/src/components/MistakesFunctional.js
> git status -z -u
> git symbolic-ref --short HEAD
> git for-each-ref --format=%(refname)%00%(upstream:short)%00%(upstream:track)%00%(objectname) refs/heads/master refs/remotes/master
> git for-each-ref --sort -committerdate --format %(refname) %(objectname) %(*objectname)
> git remote --verbose
> git config --get commit.template
> git show --textconv :src/components/Mistakes.js
> git ls-files --stage -- /home/petro/Desktop/reactKnowlegde/reactknowledgedepot/src/components/Mistakes.js
> git cat-file -s 93398d9102a68adac683840532a13e75a64bc599
> git show --textconv :src/actions/mistakes.js
> git ls-files --stage -- /home/petro/Desktop/reactKnowlegde/reactknowledgedepot/src/actions/mistakes.js
> git cat-file -s b001079ddcb3eee2e2db851d01567014044b1c0d
> git show --textconv :src/reducers/mistakes.js
> git ls-files --stage -- /home/petro/Desktop/reactKnowlegde/reactknowledgedepot/src/reducers/mistakes.js
> git cat-file -s 7961648ad7eaeccdabd4665e01e2a873bffe7948
> git status -z -u
> git symbolic-ref --short HEAD
> git for-each-ref --format=%(refname)%00%(upstream:short)%00%(upstream:track)%00%(objectname) refs/heads/master refs/remotes/master
> git for-each-ref --sort -committerdate --format %(refname) %(objectname) %(*objectname)
> git remote --verbose
> git config --get commit.template
> git status -z -u
> git symbolic-ref --short HEAD
> git for-each-ref --format=%(refname)%00%(upstream:short)%00%(upstream:track)%00%(objectname) refs/heads/master refs/remotes/master
> git for-each-ref --sort -committerdate --format %(refname) %(objectname) %(*objectname)
> git remote --verbose
> git config --get commit.template
> git show --textconv :src/components/MistakesFunctional.js
> git ls-files --stage -- /home/petro/Desktop/reactKnowlegde/reactknowledgedepot/src/components/MistakesFunctional.js
> git show --textconv :src/components/Mistakes.js
> git ls-files --stage -- /home/petro/Desktop/reactKnowlegde/reactknowledgedepot/src/components/Mistakes.js
> git cat-file -s 93398d9102a68adac683840532a13e75a64bc599
> git show --textconv :src/actions/mistakes.js
> git ls-files --stage -- /home/petro/Desktop/reactKnowlegde/reactknowledgedepot/src/actions/mistakes.js
> git cat-file -s b001079ddcb3eee2e2db851d01567014044b1c0d
> git show --textconv :src/components/Mistakes.js
> git ls-files --stage -- /home/petro/Desktop/reactKnowlegde/reactknowledgedepot/src/components/Mistakes.js
> git cat-file -s 93398d9102a68adac683840532a13e75a64bc599
> git show --textconv :src/actions/mistakes.js
> git ls-files --stage -- /home/petro/Desktop/reactKnowlegde/reactknowledgedepot/src/actions/mistakes.js
> git cat-file -s b001079ddcb3eee2e2db851d01567014044b1c0d
> git show --textconv :src/components/MistakesFunctional.js
> git ls-files --stage -- /home/petro/Desktop/reactKnowlegde/reactknowledgedepot/src/components/MistakesFunctional.js
> git show --textconv :src/actions/mistakes.js
> git ls-files --stage -- /home/petro/Desktop/reactKnowlegde/reactknowledgedepot/src/actions/mistakes.js
> git cat-file -s b001079ddcb3eee2e2db851d01567014044b1c0d
> git show --textconv :src/components/Mistakes.js
> git ls-files --stage -- /home/petro/Desktop/reactKnowlegde/reactknowledgedepot/src/components/Mistakes.js
> git cat-file -s 93398d9102a68adac683840532a13e75a64bc599
> git show --textconv :src/components/MistakesFunctional.js
> git ls-files --stage -- /home/petro/Desktop/reactKnowlegde/reactknowledgedepot/src/components/MistakesFunctional.js
> git status -z -u
> git symbolic-ref --short HEAD
> git for-each-ref --format=%(refname)%00%(upstream:short)%00%(upstream:track)%00%(objectname) refs/heads/master refs/remotes/master
> git for-each-ref --sort -committerdate --format %(refname) %(objectname) %(*objectname)
> git remote --verbose
> git config --get commit.template
> git show --textconv :src/components/Mistakes.js
> git ls-files --stage -- /home/petro/Desktop/reactKnowlegde/reactknowledgedepot/src/components/Mistakes.js
> git cat-file -s 93398d9102a68adac683840532a13e75a64bc599
> git status -z -u
> git symbolic-ref --short HEAD
> git for-each-ref --format=%(refname)%00%(upstream:short)%00%(upstream:track)%00%(objectname) refs/heads/master refs/remotes/master
> git for-each-ref --sort -committerdate --format %(refname) %(objectname) %(*objectname)
> git remote --verbose
> git config --get commit.template
> git show --textconv :src/components/MistakesFunctional.js
> git ls-files --stage -- /home/petro/Desktop/reactKnowlegde/reactknowledgedepot/src/components/MistakesFunctional.js
> git show --textconv :src/actions/mistakes.js
> git ls-files --stage -- /home/petro/Desktop/reactKnowlegde/reactknowledgedepot/src/actions/mistakes.js
> git cat-file -s b001079ddcb3eee2e2db851d01567014044b1c0d
> git show --textconv :src/components/MistakesFunctional.js
> git ls-files --stage -- /home/petro/Desktop/reactKnowlegde/reactknowledgedepot/src/components/MistakesFunctional.js
> git status -z -u
> git symbolic-ref --short HEAD
> git for-each-ref --format=%(refname)%00%(upstream:short)%00%(upstream:track)%00%(objectname) refs/heads/master refs/remotes/master
> git for-each-ref --sort -committerdate --format %(refname) %(objectname) %(*objectname)
> git remote --verbose
> git config --get commit.template
> git show --textconv :src/components/Mistakes.js
> git ls-files --stage -- /home/petro/Desktop/reactKnowlegde/reactknowledgedepot/src/components/Mistakes.js
> git cat-file -s 93398d9102a68adac683840532a13e75a64bc599
> git show --textconv :src/components/MistakesFunctional.js
> git ls-files --stage -- /home/petro/Desktop/reactKnowlegde/reactknowledgedepot/src/components/MistakesFunctional.js
> git show --textconv :src/components/Mistakes.js
> git ls-files --stage -- /home/petro/Desktop/reactKnowlegde/reactknowledgedepot/src/components/Mistakes.js
> git cat-file -s 93398d9102a68adac683840532a13e75a64bc599
> git show --textconv :src/components/MistakesFunctional.js
> git ls-files --stage -- /home/petro/Desktop/reactKnowlegde/reactknowledgedepot/src/components/MistakesFunctional.js
> git show --textconv :src/components/Mistakes.js
> git ls-files --stage -- /home/petro/Desktop/reactKnowlegde/reactknowledgedepot/src/components/Mistakes.js
> git cat-file -s 93398d9102a68adac683840532a13e75a64bc599
> git show --textconv :src/components/MistakesFunctional.js
> git ls-files --stage -- /home/petro/Desktop/reactKnowlegde/reactknowledgedepot/src/components/MistakesFunctional.js
> git status -z -u
> git symbolic-ref --short HEAD
> git for-each-ref --format=%(refname)%00%(upstream:short)%00%(upstream:track)%00%(objectname) refs/heads/master refs/remotes/master
> git for-each-ref --sort -committerdate --format %(refname) %(objectname) %(*objectname)
> git remote --verbose
> git config --get commit.template
> git status -z -u
> git symbolic-ref --short HEAD
> git for-each-ref --format=%(refname)%00%(upstream:short)%00%(upstream:track)%00%(objectname) refs/heads/master refs/remotes/master
> git for-each-ref --sort -committerdate --format %(refname) %(objectname) %(*objectname)
> git remote --verbose
> git config --get commit.template
> git show --textconv :src/components/Mistakes.js
> git ls-files --stage -- /home/petro/Desktop/reactKnowlegde/reactknowledgedepot/src/components/Mistakes.js
> git cat-file -s 93398d9102a68adac683840532a13e75a64bc599
> git show --textconv :src/components/MistakesFunctional.js
> git ls-files --stage -- /home/petro/Desktop/reactKnowlegde/reactknowledgedepot/src/components/MistakesFunctional.js
> git show --textconv :src/actions/settings.js
> git ls-files --stage -- /home/petro/Desktop/reactKnowlegde/reactknowledgedepot/src/actions/settings.js
> git cat-file -s 1bd3dd9ef1a0b4c175bd6b5345d422b629076ec9
> git show --textconv :src/components/MistakesFunctional.js
> git ls-files --stage -- /home/petro/Desktop/reactKnowlegde/reactknowledgedepot/src/components/MistakesFunctional.js
> git show --textconv :src/components/AddMyQuestions.js
> git ls-files --stage -- /home/petro/Desktop/reactKnowlegde/reactknowledgedepot/src/components/AddMyQuestions.js
> git cat-file -s d833ac4b521fb46d9a21bdb53eb62e63aa1279e7
> git show --textconv :src/components/MistakesFunctional.js
> git ls-files --stage -- /home/petro/Desktop/reactKnowlegde/reactknowledgedepot/src/components/MistakesFunctional.js
> git show --textconv :src/components/Mistakes.js
> git ls-files --stage -- /home/petro/Desktop/reactKnowlegde/reactknowledgedepot/src/components/Mistakes.js
> git cat-file -s 93398d9102a68adac683840532a13e75a64bc599
> git show --textconv :src/components/MistakesFunctional.js
> git ls-files --stage -- /home/petro/Desktop/reactKnowlegde/reactknowledgedepot/src/components/MistakesFunctional.js
> git status -z -u
> git symbolic-ref --short HEAD
> git for-each-ref --format=%(refname)%00%(upstream:short)%00%(upstream:track)%00%(objectname) refs/heads/master refs/remotes/master
> git for-each-ref --sort -committerdate --format %(refname) %(objectname) %(*objectname)
> git remote --verbose
> git config --get commit.template
> git show --textconv :src/components/Mistakes.js
> git ls-files --stage -- /home/petro/Desktop/reactKnowlegde/reactknowledgedepot/src/components/Mistakes.js
> git cat-file -s 93398d9102a68adac683840532a13e75a64bc599
> git show --textconv :src/components/MistakesFunctional.js
> git ls-files --stage -- /home/petro/Desktop/reactKnowlegde/reactknowledgedepot/src/components/MistakesFunctional.js
> git status -z -u
> git symbolic-ref --short HEAD
> git for-each-ref --format=%(refname)%00%(upstream:short)%00%(upstream:track)%00%(objectname) refs/heads/master refs/remotes/master
> git for-each-ref --sort -committerdate --format %(refname) %(objectname) %(*objectname)
> git remote --verbose
> git config --get commit.template
> git status -z -u
> git symbolic-ref --short HEAD
> git for-each-ref --format=%(refname)%00%(upstream:short)%00%(upstream:track)%00%(objectname) refs/heads/master refs/remotes/master
> git for-each-ref --sort -committerdate --format %(refname) %(objectname) %(*objectname)
> git remote --verbose
> git config --get commit.template
> git show --textconv :src/components/Mistakes.js
> git ls-files --stage -- /home/petro/Desktop/reactKnowlegde/reactknowledgedepot/src/components/Mistakes.js
> git cat-file -s 93398d9102a68adac683840532a13e75a64bc599
> git show --textconv :src/components/MistakesFunctional.js
> git ls-files --stage -- /home/petro/Desktop/reactKnowlegde/reactknowledgedepot/src/components/MistakesFunctional.js
> git status -z -u
> git symbolic-ref --short HEAD
> git for-each-ref --format=%(refname)%00%(upstream:short)%00%(upstream:track)%00%(objectname) refs/heads/master refs/remotes/master
> git for-each-ref --sort -committerdate --format %(refname) %(objectname) %(*objectname)
> git remote --verbose
> git config --get commit.template
> git show --textconv :src/components/Mistakes.js
> git ls-files --stage -- /home/petro/Desktop/reactKnowlegde/reactknowledgedepot/src/components/Mistakes.js
> git cat-file -s 93398d9102a68adac683840532a13e75a64bc599
> git show --textconv :src/components/MistakesFunctional.js
> git ls-files --stage -- /home/petro/Desktop/reactKnowlegde/reactknowledgedepot/src/components/MistakesFunctional.js
> git show --textconv :src/components/Mistakes.js
> git ls-files --stage -- /home/petro/Desktop/reactKnowlegde/reactknowledgedepot/src/components/Mistakes.js
> git cat-file -s 93398d9102a68adac683840532a13e75a64bc599
> git show --textconv :src/components/MistakesFunctional.js
> git ls-files --stage -- /home/petro/Desktop/reactKnowlegde/reactknowledgedepot/src/components/MistakesFunctional.js
> git status -z -u
> git symbolic-ref --short HEAD
> git for-each-ref --format=%(refname)%00%(upstream:short)%00%(upstream:track)%00%(objectname) refs/heads/master refs/remotes/master
> git for-each-ref --sort -committerdate --format %(refname) %(objectname) %(*objectname)
> git remote --verbose
> git config --get commit.template
> git status -z -u
> git symbolic-ref --short HEAD
> git for-each-ref --format=%(refname)%00%(upstream:short)%00%(upstream:track)%00%(objectname) refs/heads/master refs/remotes/master
> git for-each-ref --sort -committerdate --format %(refname) %(objectname) %(*objectname)
> git remote --verbose
> git config --get commit.template
> git show --textconv :src/components/Mistakes.js
> git ls-files --stage -- /home/petro/Desktop/reactKnowlegde/reactknowledgedepot/src/components/Mistakes.js
> git cat-file -s 93398d9102a68adac683840532a13e75a64bc599
> git show --textconv :src/components/MistakesFunctional.js
> git ls-files --stage -- /home/petro/Desktop/reactKnowlegde/reactknowledgedepot/src/components/MistakesFunctional.js
> git status -z -u
> git symbolic-ref --short HEAD
> git for-each-ref --format=%(refname)%00%(upstream:short)%00%(upstream:track)%00%(objectname) refs/heads/master refs/remotes/master
> git for-each-ref --sort -committerdate --format %(refname) %(objectname) %(*objectname)
> git remote --verbose
> git config --get commit.template
> git status -z -u
> git symbolic-ref --short HEAD
> git for-each-ref --format=%(refname)%00%(upstream:short)%00%(upstream:track)%00%(objectname) refs/heads/master refs/remotes/master
> git for-each-ref --sort -committerdate --format %(refname) %(objectname) %(*objectname)
> git remote --verbose
> git config --get commit.template
> git status -z -u
> git symbolic-ref --short HEAD
> git for-each-ref --format=%(refname)%00%(upstream:short)%00%(upstream:track)%00%(objectname) refs/heads/master refs/remotes/master
> git for-each-ref --sort -committerdate --format %(refname) %(objectname) %(*objectname)
> git remote --verbose
> git config --get commit.template
> git status -z -u
> git symbolic-ref --short HEAD
> git for-each-ref --format=%(refname)%00%(upstream:short)%00%(upstream:track)%00%(objectname) refs/heads/master refs/remotes/master
> git for-each-ref --sort -committerdate --format %(refname) %(objectname) %(*objectname)
> git remote --verbose
> git config --get commit.template
> git show --textconv :src/actions/mistakes.js
> git ls-files --stage -- /home/petro/Desktop/reactKnowlegde/reactknowledgedepot/src/actions/mistakes.js
> git cat-file -s b001079ddcb3eee2e2db851d01567014044b1c0d
> git show --textconv :src/components/MistakesFunctional.js
> git ls-files --stage -- /home/petro/Desktop/reactKnowlegde/reactknowledgedepot/src/components/MistakesFunctional.js
> git status -z -u
> git symbolic-ref --short HEAD
> git for-each-ref --format=%(refname)%00%(upstream:short)%00%(upstream:track)%00%(objectname) refs/heads/master refs/remotes/master
> git for-each-ref --sort -committerdate --format %(refname) %(objectname) %(*objectname)
> git remote --verbose
> git config --get commit.template
> git status -z -u
> git symbolic-ref --short HEAD
> git for-each-ref --format=%(refname)%00%(upstream:short)%00%(upstream:track)%00%(objectname) refs/heads/master refs/remotes/master
> git for-each-ref --sort -committerdate --format %(refname) %(objectname) %(*objectname)
> git remote --verbose
> git config --get commit.template
> git status -z -u
> git symbolic-ref --short HEAD
> git for-each-ref --format=%(refname)%00%(upstream:short)%00%(upstream:track)%00%(objectname) refs/heads/master refs/remotes/master
> git for-each-ref --sort -committerdate --format %(refname) %(objectname) %(*objectname)
> git remote --verbose
> git config --get commit.template
> git show --textconv :src/components/Mistakes.js
> git ls-files --stage -- /home/petro/Desktop/reactKnowlegde/reactknowledgedepot/src/components/Mistakes.js
> git cat-file -s 93398d9102a68adac683840532a13e75a64bc599
> git show --textconv :src/components/MistakesFunctional.js
> git ls-files --stage -- /home/petro/Desktop/reactKnowlegde/reactknowledgedepot/src/components/MistakesFunctional.js
> git status -z -u
> git symbolic-ref --short HEAD
> git for-each-ref --format=%(refname)%00%(upstream:short)%00%(upstream:track)%00%(objectname) refs/heads/master refs/remotes/master
> git for-each-ref --sort -committerdate --format %(refname) %(objectname) %(*objectname)
> git remote --verbose
> git config --get commit.template
> git status -z -u
> git symbolic-ref --short HEAD
> git for-each-ref --format=%(refname)%00%(upstream:short)%00%(upstream:track)%00%(objectname) refs/heads/master refs/remotes/master
> git for-each-ref --sort -committerdate --format %(refname) %(objectname) %(*objectname)
> git remote --verbose
> git config --get commit.template
> git show --textconv :src/components/Mistakes.js
> git ls-files --stage -- /home/petro/Desktop/reactKnowlegde/reactknowledgedepot/src/components/Mistakes.js
> git cat-file -s 93398d9102a68adac683840532a13e75a64bc599
> git show --textconv :src/components/MistakesFunctional.js
> git ls-files --stage -- /home/petro/Desktop/reactKnowlegde/reactknowledgedepot/src/components/MistakesFunctional.js
> git status -z -u
> git symbolic-ref --short HEAD
> git for-each-ref --format=%(refname)%00%(upstream:short)%00%(upstream:track)%00%(objectname) refs/heads/master refs/remotes/master
> git for-each-ref --sort -committerdate --format %(refname) %(objectname) %(*objectname)
> git remote --verbose
> git config --get commit.template
> git show --textconv :src/components/Mistakes.js
> git ls-files --stage -- /home/petro/Desktop/reactKnowlegde/reactknowledgedepot/src/components/Mistakes.js
> git cat-file -s 93398d9102a68adac683840532a13e75a64bc599
> git show --textconv :src/components/MistakesFunctional.js
> git ls-files --stage -- /home/petro/Desktop/reactKnowlegde/reactknowledgedepot/src/components/MistakesFunctional.js
> git status -z -u
> git symbolic-ref --short HEAD
> git for-each-ref --format=%(refname)%00%(upstream:short)%00%(upstream:track)%00%(objectname) refs/heads/master refs/remotes/master
> git for-each-ref --sort -committerdate --format %(refname) %(objectname) %(*objectname)
> git remote --verbose
> git config --get commit.template
> git status -z -u
> git symbolic-ref --short HEAD
> git for-each-ref --format=%(refname)%00%(upstream:short)%00%(upstream:track)%00%(objectname) refs/heads/master refs/remotes/master
> git for-each-ref --sort -committerdate --format %(refname) %(objectname) %(*objectname)
> git remote --verbose
> git config --get commit.template
> git show --textconv :src/components/Mistakes.js
> git ls-files --stage -- /home/petro/Desktop/reactKnowlegde/reactknowledgedepot/src/components/Mistakes.js
> git cat-file -s 93398d9102a68adac683840532a13e75a64bc599
> git status -z -u
> git symbolic-ref --short HEAD
> git for-each-ref --format=%(refname)%00%(upstream:short)%00%(upstream:track)%00%(objectname) refs/heads/master refs/remotes/master
> git for-each-ref --sort -committerdate --format %(refname) %(objectname) %(*objectname)
> git remote --verbose
> git config --get commit.template
