Looking for git in: git
Using git 2.17.1 from git
> git rev-parse --git-dir
Open repository: /home/petro/Desktop/reactKnowlegde/reactknowledgedepot
> git status -z -u
> git symbolic-ref --short HEAD
> git for-each-ref --format=%(refname)%00%(upstream:short)%00%(upstream:track)%00%(objectname) refs/heads/master refs/remotes/master
> git for-each-ref --sort -committerdate --format %(refname) %(objectname) %(*objectname)
> git remote --verbose
> git config --get commit.template
> git check-ignore -v -z --stdin
> git show --textconv :src/components/AdmineditQuestions.js
> git ls-files --stage -- /home/petro/Desktop/reactKnowlegde/reactknowledgedepot/src/components/AdmineditQuestions.js
> git cat-file -s 3ce8f84b6e6fd3f08d2646eaba2c91328be4e372
> git check-ignore -v -z --stdin
> git show --textconv :src/reducers/loginsignup.js
> git ls-files --stage -- /home/petro/Desktop/reactKnowlegde/reactknowledgedepot/src/reducers/loginsignup.js
> git cat-file -s 9df1c6a10dde27f2927194fc46289be1224c8dca
> git show --textconv :src/components/AdminSettings.js
> git ls-files --stage -- /home/petro/Desktop/reactKnowlegde/reactknowledgedepot/src/components/AdminSettings.js
> git cat-file -s f78accf62b32d4d2a3e3e462b68d3fd1c3f2b927
