Looking for git in: git
Using git 2.17.1 from git
> git rev-parse --git-dir
Open repository: /home/petro/Desktop/reactKnowlegde/reactknowledgedepot
> git status -z -u
> git symbolic-ref --short HEAD
> git for-each-ref --format=%(refname)%00%(upstream:short)%00%(upstream:track)%00%(objectname) refs/heads/master refs/remotes/master
> git for-each-ref --sort -committerdate --format %(refname) %(objectname) %(*objectname)
> git remote --verbose
> git config --get commit.template
> git check-ignore -v -z --stdin
> git show --textconv :src/components/AdminSettings.js
> git ls-files --stage -- /home/petro/Desktop/reactKnowlegde/reactknowledgedepot/src/components/AdminSettings.js
> git cat-file -s ee43552ac68467ea5ac56aa99f5f1c2d5b320dcf
> git status -z -u
> git symbolic-ref --short HEAD
> git for-each-ref --format=%(refname)%00%(upstream:short)%00%(upstream:track)%00%(objectname) refs/heads/master refs/remotes/master
> git for-each-ref --sort -committerdate --format %(refname) %(objectname) %(*objectname)
> git remote --verbose
> git config --get commit.template
> git status -z -u
> git symbolic-ref --short HEAD
> git for-each-ref --format=%(refname)%00%(upstream:short)%00%(upstream:track)%00%(objectname) refs/heads/master refs/remotes/master
> git for-each-ref --sort -committerdate --format %(refname) %(objectname) %(*objectname)
> git remote --verbose
> git config --get commit.template
> git status -z -u
> git symbolic-ref --short HEAD
> git for-each-ref --format=%(refname)%00%(upstream:short)%00%(upstream:track)%00%(objectname) refs/heads/master refs/remotes/master
> git for-each-ref --sort -committerdate --format %(refname) %(objectname) %(*objectname)
> git remote --verbose
> git config --get commit.template
> git status -z -u
> git symbolic-ref --short HEAD
> git for-each-ref --format=%(refname)%00%(upstream:short)%00%(upstream:track)%00%(objectname) refs/heads/master refs/remotes/master
> git for-each-ref --sort -committerdate --format %(refname) %(objectname) %(*objectname)
> git remote --verbose
> git config --get commit.template
> git status -z -u
> git symbolic-ref --short HEAD
> git for-each-ref --format=%(refname)%00%(upstream:short)%00%(upstream:track)%00%(objectname) refs/heads/master refs/remotes/master
> git for-each-ref --sort -committerdate --format %(refname) %(objectname) %(*objectname)
> git remote --verbose
> git config --get commit.template
> git status -z -u
> git symbolic-ref --short HEAD
> git for-each-ref --format=%(refname)%00%(upstream:short)%00%(upstream:track)%00%(objectname) refs/heads/master refs/remotes/master
> git for-each-ref --sort -committerdate --format %(refname) %(objectname) %(*objectname)
> git remote --verbose
> git config --get commit.template
> git status -z -u
> git symbolic-ref --short HEAD
> git for-each-ref --format=%(refname)%00%(upstream:short)%00%(upstream:track)%00%(objectname) refs/heads/master refs/remotes/master
> git for-each-ref --sort -committerdate --format %(refname) %(objectname) %(*objectname)
> git remote --verbose
> git config --get commit.template
> git status -z -u
> git symbolic-ref --short HEAD
> git for-each-ref --format=%(refname)%00%(upstream:short)%00%(upstream:track)%00%(objectname) refs/heads/master refs/remotes/master
> git for-each-ref --sort -committerdate --format %(refname) %(objectname) %(*objectname)
> git remote --verbose
> git config --get commit.template
> git status -z -u
> git symbolic-ref --short HEAD
> git for-each-ref --format=%(refname)%00%(upstream:short)%00%(upstream:track)%00%(objectname) refs/heads/master refs/remotes/master
> git for-each-ref --sort -committerdate --format %(refname) %(objectname) %(*objectname)
> git remote --verbose
> git config --get commit.template
> git status -z -u
> git symbolic-ref --short HEAD
> git for-each-ref --format=%(refname)%00%(upstream:short)%00%(upstream:track)%00%(objectname) refs/heads/master refs/remotes/master
> git for-each-ref --sort -committerdate --format %(refname) %(objectname) %(*objectname)
> git remote --verbose
> git config --get commit.template
> git check-ignore -v -z --stdin
> git check-ignore -v -z --stdin
> git check-ignore -v -z --stdin
> git check-ignore -v -z --stdin
> git check-ignore -v -z --stdin
> git check-ignore -v -z --stdin
> git clean -f -q -- /home/petro/Desktop/reactKnowlegde/reactknowledgedepot/~/.vscode-root/Cookies
> git checkout -q
> git status -z -u
> git symbolic-ref --short HEAD
> git for-each-ref --format=%(refname)%00%(upstream:short)%00%(upstream:track)%00%(objectname) refs/heads/master refs/remotes/master
> git for-each-ref --sort -committerdate --format %(refname) %(objectname) %(*objectname)
> git remote --verbose
> git config --get commit.template
> git ls-files --stage -- /home/petro/Desktop/reactKnowlegde/reactknowledgedepot/src/components/AdminSettings.js
> git cat-file -s ee43552ac68467ea5ac56aa99f5f1c2d5b320dcf
> git show --textconv :src/components/AdminSettings.js
> git status -z -u
> git symbolic-ref --short HEAD
> git for-each-ref --format=%(refname)%00%(upstream:short)%00%(upstream:track)%00%(objectname) refs/heads/master refs/remotes/master
> git for-each-ref --sort -committerdate --format %(refname) %(objectname) %(*objectname)
> git remote --verbose
> git config --get commit.template
> git clean -f -q -- /home/petro/Desktop/reactKnowlegde/reactknowledgedepot/~/.vscode-root/CachedData/c185983a683d14c396952dd432459097bc7f757f/clone-d3ad61ed020f252e351a318a5c2b3f8e.code
> git checkout -q
> git status -z -u
> git symbolic-ref --short HEAD
> git for-each-ref --format=%(refname)%00%(upstream:short)%00%(upstream:track)%00%(objectname) refs/heads/master refs/remotes/master
> git for-each-ref --sort -committerdate --format %(refname) %(objectname) %(*objectname)
> git remote --verbose
> git config --get commit.template
> git ls-files --stage -- /home/petro/Desktop/reactKnowlegde/reactknowledgedepot/src/components/AdminSettings.js
> git cat-file -s ee43552ac68467ea5ac56aa99f5f1c2d5b320dcf
> git show --textconv :src/components/AdminSettings.js
> git status -z -u
> git symbolic-ref --short HEAD
> git for-each-ref --format=%(refname)%00%(upstream:short)%00%(upstream:track)%00%(objectname) refs/heads/master refs/remotes/master
> git for-each-ref --sort -committerdate --format %(refname) %(objectname) %(*objectname)
> git remote --verbose
> git config --get commit.template
> git log --format=%H%n%aN%n%aE%n%at%n%ct%n%P%n%B -z -n21 -- /home/petro/Desktop/reactKnowlegde/reactknowledgedepot/src/components/AdminSettings.js
> git check-ignore -v -z --stdin
> git show --textconv :src/api/comment.js
> git ls-files --stage -- /home/petro/Desktop/reactKnowlegde/reactknowledgedepot/src/api/comment.js
> git cat-file -s b9495611f7a8cbc4bb6daf13ea8e0959e1adb44e
> git check-ignore -v -z --stdin
> git show --textconv :src/urls/index.js
> git ls-files --stage -- /home/petro/Desktop/reactKnowlegde/reactknowledgedepot/src/urls/index.js
> git cat-file -s d855b25273f8f3422c1e2ae99d7fe5d1ed323051
> git show --textconv :src/components/AdminSettings.js
> git ls-files --stage -- /home/petro/Desktop/reactKnowlegde/reactknowledgedepot/src/components/AdminSettings.js
> git cat-file -s ee43552ac68467ea5ac56aa99f5f1c2d5b320dcf
> git show --textconv :src/api/comment.js
> git ls-files --stage -- /home/petro/Desktop/reactKnowlegde/reactknowledgedepot/src/api/comment.js
> git cat-file -s b9495611f7a8cbc4bb6daf13ea8e0959e1adb44e
> git show --textconv :src/urls/index.js
> git ls-files --stage -- /home/petro/Desktop/reactKnowlegde/reactknowledgedepot/src/urls/index.js
> git cat-file -s d855b25273f8f3422c1e2ae99d7fe5d1ed323051
> git check-ignore -v -z --stdin
> git show --textconv :src/actions/sqldump.js
> git ls-files --stage -- /home/petro/Desktop/reactKnowlegde/reactknowledgedepot/src/actions/sqldump.js
> git check-ignore -v -z --stdin
> git show --textconv :src/actions/comments.js
> git ls-files --stage -- /home/petro/Desktop/reactKnowlegde/reactknowledgedepot/src/actions/comments.js
> git cat-file -s aa0cf818d469b58dfc9c0ed8212b50310a3edd49
> git show --textconv :src/actions/sqldump.js
> git ls-files --stage -- /home/petro/Desktop/reactKnowlegde/reactknowledgedepot/src/actions/sqldump.js
> git show --textconv :src/actions/results.js
> git ls-files --stage -- /home/petro/Desktop/reactKnowlegde/reactknowledgedepot/src/actions/results.js
> git cat-file -s 0e139a1940fed4bdaf39bb764375e0af94fbd900
> git show --textconv :src/actions/sqldump.js
> git ls-files --stage -- /home/petro/Desktop/reactKnowlegde/reactknowledgedepot/src/actions/sqldump.js
> git show --textconv :src/actions/settings.js
> git ls-files --stage -- /home/petro/Desktop/reactKnowlegde/reactknowledgedepot/src/actions/settings.js
> git cat-file -s 1bd3dd9ef1a0b4c175bd6b5345d422b629076ec9
> git show --textconv :src/actions/sqldump.js
> git ls-files --stage -- /home/petro/Desktop/reactKnowlegde/reactknowledgedepot/src/actions/sqldump.js
> git show --textconv :src/actions/users.js
> git ls-files --stage -- /home/petro/Desktop/reactKnowlegde/reactknowledgedepot/src/actions/users.js
> git cat-file -s 7f2cbc9a74c738fdffc699620ae97ef5a0ea0611
> git show --textconv :src/actions/sqldump.js
> git ls-files --stage -- /home/petro/Desktop/reactKnowlegde/reactknowledgedepot/src/actions/sqldump.js
> git show --textconv :src/urls/index.js
> git ls-files --stage -- /home/petro/Desktop/reactKnowlegde/reactknowledgedepot/src/urls/index.js
> git cat-file -s d855b25273f8f3422c1e2ae99d7fe5d1ed323051
> git show --textconv :src/actions/sqldump.js
> git ls-files --stage -- /home/petro/Desktop/reactKnowlegde/reactknowledgedepot/src/actions/sqldump.js
> git show --textconv :src/api/comment.js
> git ls-files --stage -- /home/petro/Desktop/reactKnowlegde/reactknowledgedepot/src/api/comment.js
> git cat-file -s b9495611f7a8cbc4bb6daf13ea8e0959e1adb44e
> git show --textconv :src/actions/sqldump.js
> git ls-files --stage -- /home/petro/Desktop/reactKnowlegde/reactknowledgedepot/src/actions/sqldump.js
> git show --textconv :src/reducers/loginsignup.js
> git ls-files --stage -- /home/petro/Desktop/reactKnowlegde/reactknowledgedepot/src/reducers/loginsignup.js
> git cat-file -s 73ac6593b26f09faf2c1aa8ae8278f7caff48b48
> git check-ignore -v -z --stdin
> git show --textconv :src/components/AdminSettings.js
> git ls-files --stage -- /home/petro/Desktop/reactKnowlegde/reactknowledgedepot/src/components/AdminSettings.js
> git cat-file -s ee43552ac68467ea5ac56aa99f5f1c2d5b320dcf
> git show --textconv :src/urls/index.js
> git ls-files --stage -- /home/petro/Desktop/reactKnowlegde/reactknowledgedepot/src/urls/index.js
> git cat-file -s d855b25273f8f3422c1e2ae99d7fe5d1ed323051
> git show --textconv :src/actions/sqldump.js
> git ls-files --stage -- /home/petro/Desktop/reactKnowlegde/reactknowledgedepot/src/actions/sqldump.js
> git show --textconv :src/urls/index.js
> git ls-files --stage -- /home/petro/Desktop/reactKnowlegde/reactknowledgedepot/src/urls/index.js
> git cat-file -s d855b25273f8f3422c1e2ae99d7fe5d1ed323051
> git show --textconv :src/components/AdminSettings.js
> git ls-files --stage -- /home/petro/Desktop/reactKnowlegde/reactknowledgedepot/src/components/AdminSettings.js
> git cat-file -s ee43552ac68467ea5ac56aa99f5f1c2d5b320dcf
> git show --textconv :src/actions/sqldump.js
> git ls-files --stage -- /home/petro/Desktop/reactKnowlegde/reactknowledgedepot/src/actions/sqldump.js
> git show --textconv :src/urls/index.js
> git ls-files --stage -- /home/petro/Desktop/reactKnowlegde/reactknowledgedepot/src/urls/index.js
> git cat-file -s d855b25273f8f3422c1e2ae99d7fe5d1ed323051
> git show --textconv :src/actions/sqldump.js
> git ls-files --stage -- /home/petro/Desktop/reactKnowlegde/reactknowledgedepot/src/actions/sqldump.js
> git show --textconv :src/urls/index.js
> git ls-files --stage -- /home/petro/Desktop/reactKnowlegde/reactknowledgedepot/src/urls/index.js
> git cat-file -s d855b25273f8f3422c1e2ae99d7fe5d1ed323051
> git show --textconv :src/actions/sqldump.js
> git ls-files --stage -- /home/petro/Desktop/reactKnowlegde/reactknowledgedepot/src/actions/sqldump.js
> git show --textconv :src/urls/index.js
> git ls-files --stage -- /home/petro/Desktop/reactKnowlegde/reactknowledgedepot/src/urls/index.js
> git cat-file -s d855b25273f8f3422c1e2ae99d7fe5d1ed323051
> git show --textconv :src/actions/sqldump.js
> git ls-files --stage -- /home/petro/Desktop/reactKnowlegde/reactknowledgedepot/src/actions/sqldump.js
> git check-ignore -v -z --stdin
> git show --textconv :src/types/index.js
> git ls-files --stage -- /home/petro/Desktop/reactKnowlegde/reactknowledgedepot/src/types/index.js
> git cat-file -s bacd334114dffaab5ed03b2814875517ba1d0779
> git show --textconv :src/actions/sqldump.js
> git ls-files --stage -- /home/petro/Desktop/reactKnowlegde/reactknowledgedepot/src/actions/sqldump.js
> git show --textconv :src/urls/index.js
> git ls-files --stage -- /home/petro/Desktop/reactKnowlegde/reactknowledgedepot/src/urls/index.js
> git cat-file -s d855b25273f8f3422c1e2ae99d7fe5d1ed323051
> git show --textconv :src/actions/sqldump.js
> git ls-files --stage -- /home/petro/Desktop/reactKnowlegde/reactknowledgedepot/src/actions/sqldump.js
> git show --textconv :src/components/Users.js
> git ls-files --stage -- /home/petro/Desktop/reactKnowlegde/reactknowledgedepot/src/components/Users.js
> git cat-file -s fa4a71a2d11aeffcb32ffd1c34d485424ee1e60f
> git show --textconv :src/components/AdminSettings.js
> git ls-files --stage -- /home/petro/Desktop/reactKnowlegde/reactknowledgedepot/src/components/AdminSettings.js
> git cat-file -s ee43552ac68467ea5ac56aa99f5f1c2d5b320dcf
> git show --textconv :src/components/Users.js
> git ls-files --stage -- /home/petro/Desktop/reactKnowlegde/reactknowledgedepot/src/components/Users.js
> git cat-file -s fa4a71a2d11aeffcb32ffd1c34d485424ee1e60f
> git show --textconv :src/actions/sqldump.js
> git ls-files --stage -- /home/petro/Desktop/reactKnowlegde/reactknowledgedepot/src/actions/sqldump.js
> git show --textconv :src/components/AdminSettings.js
> git ls-files --stage -- /home/petro/Desktop/reactKnowlegde/reactknowledgedepot/src/components/AdminSettings.js
> git cat-file -s ee43552ac68467ea5ac56aa99f5f1c2d5b320dcf
> git show --textconv :src/actions/sqldump.js
> git ls-files --stage -- /home/petro/Desktop/reactKnowlegde/reactknowledgedepot/src/actions/sqldump.js
> git show --textconv :src/components/Users.js
> git ls-files --stage -- /home/petro/Desktop/reactKnowlegde/reactknowledgedepot/src/components/Users.js
> git cat-file -s fa4a71a2d11aeffcb32ffd1c34d485424ee1e60f
> git show --textconv :src/components/AdminSettings.js
> git ls-files --stage -- /home/petro/Desktop/reactKnowlegde/reactknowledgedepot/src/components/AdminSettings.js
> git cat-file -s ee43552ac68467ea5ac56aa99f5f1c2d5b320dcf
> git show --textconv :src/components/Users.js
> git ls-files --stage -- /home/petro/Desktop/reactKnowlegde/reactknowledgedepot/src/components/Users.js
> git cat-file -s fa4a71a2d11aeffcb32ffd1c34d485424ee1e60f
> git show --textconv :src/components/AdminSettings.js
> git ls-files --stage -- /home/petro/Desktop/reactKnowlegde/reactknowledgedepot/src/components/AdminSettings.js
> git cat-file -s ee43552ac68467ea5ac56aa99f5f1c2d5b320dcf
> git show --textconv :src/components/Users.js
> git ls-files --stage -- /home/petro/Desktop/reactKnowlegde/reactknowledgedepot/src/components/Users.js
> git cat-file -s fa4a71a2d11aeffcb32ffd1c34d485424ee1e60f
> git show --textconv :src/components/AdminSettings.js
> git ls-files --stage -- /home/petro/Desktop/reactKnowlegde/reactknowledgedepot/src/components/AdminSettings.js
> git cat-file -s ee43552ac68467ea5ac56aa99f5f1c2d5b320dcf
> git show --textconv :src/actions/sqldump.js
> git ls-files --stage -- /home/petro/Desktop/reactKnowlegde/reactknowledgedepot/src/actions/sqldump.js
> git show --textconv :src/components/AdminSettings.js
> git ls-files --stage -- /home/petro/Desktop/reactKnowlegde/reactknowledgedepot/src/components/AdminSettings.js
> git cat-file -s ee43552ac68467ea5ac56aa99f5f1c2d5b320dcf
> git show --textconv :src/actions/sqldump.js
> git ls-files --stage -- /home/petro/Desktop/reactKnowlegde/reactknowledgedepot/src/actions/sqldump.js
> git show --textconv :src/urls/index.js
> git ls-files --stage -- /home/petro/Desktop/reactKnowlegde/reactknowledgedepot/src/urls/index.js
> git cat-file -s d855b25273f8f3422c1e2ae99d7fe5d1ed323051
> git show --textconv :src/actions/sqldump.js
> git ls-files --stage -- /home/petro/Desktop/reactKnowlegde/reactknowledgedepot/src/actions/sqldump.js
> git show --textconv :src/urls/index.js
> git ls-files --stage -- /home/petro/Desktop/reactKnowlegde/reactknowledgedepot/src/urls/index.js
> git cat-file -s d855b25273f8f3422c1e2ae99d7fe5d1ed323051
> git show --textconv :src/actions/sqldump.js
> git ls-files --stage -- /home/petro/Desktop/reactKnowlegde/reactknowledgedepot/src/actions/sqldump.js
> git show --textconv :src/components/AdminSettings.js
> git ls-files --stage -- /home/petro/Desktop/reactKnowlegde/reactknowledgedepot/src/components/AdminSettings.js
> git cat-file -s ee43552ac68467ea5ac56aa99f5f1c2d5b320dcf
> git show --textconv :src/actions/users.js
> git ls-files --stage -- /home/petro/Desktop/reactKnowlegde/reactknowledgedepot/src/actions/users.js
> git cat-file -s 7f2cbc9a74c738fdffc699620ae97ef5a0ea0611
> git show --textconv :src/index.js
> git ls-files --stage -- /home/petro/Desktop/reactKnowlegde/reactknowledgedepot/src/index.js
> git cat-file -s 53e314f7f73723f4517620d1cafdabfe40e1e9ab
> git show --textconv :src/urls/index.js
> git ls-files --stage -- /home/petro/Desktop/reactKnowlegde/reactknowledgedepot/src/urls/index.js
> git cat-file -s d855b25273f8f3422c1e2ae99d7fe5d1ed323051
> git show --textconv :src/index.js
> git ls-files --stage -- /home/petro/Desktop/reactKnowlegde/reactknowledgedepot/src/index.js
> git cat-file -s 53e314f7f73723f4517620d1cafdabfe40e1e9ab
> git show --textconv :src/actions/sqldump.js
> git ls-files --stage -- /home/petro/Desktop/reactKnowlegde/reactknowledgedepot/src/actions/sqldump.js
> git show --textconv :src/index.js
> git ls-files --stage -- /home/petro/Desktop/reactKnowlegde/reactknowledgedepot/src/index.js
> git cat-file -s 53e314f7f73723f4517620d1cafdabfe40e1e9ab
> git show --textconv :src/actions/users.js
> git ls-files --stage -- /home/petro/Desktop/reactKnowlegde/reactknowledgedepot/src/actions/users.js
> git cat-file -s 7f2cbc9a74c738fdffc699620ae97ef5a0ea0611
> git show --textconv :src/components/AdminSettings.js
> git ls-files --stage -- /home/petro/Desktop/reactKnowlegde/reactknowledgedepot/src/components/AdminSettings.js
> git cat-file -s ee43552ac68467ea5ac56aa99f5f1c2d5b320dcf
> git show --textconv :src/actions/settings.js
> git ls-files --stage -- /home/petro/Desktop/reactKnowlegde/reactknowledgedepot/src/actions/settings.js
> git cat-file -s 1bd3dd9ef1a0b4c175bd6b5345d422b629076ec9
> git show --textconv :src/components/AdminSettings.js
> git ls-files --stage -- /home/petro/Desktop/reactKnowlegde/reactknowledgedepot/src/components/AdminSettings.js
> git cat-file -s ee43552ac68467ea5ac56aa99f5f1c2d5b320dcf
> git show --textconv :src/actions/sqldump.js
> git ls-files --stage -- /home/petro/Desktop/reactKnowlegde/reactknowledgedepot/src/actions/sqldump.js
> git show --textconv :src/actions/users.js
> git ls-files --stage -- /home/petro/Desktop/reactKnowlegde/reactknowledgedepot/src/actions/users.js
> git cat-file -s 7f2cbc9a74c738fdffc699620ae97ef5a0ea0611
> git show --textconv :src/index.js
> git ls-files --stage -- /home/petro/Desktop/reactKnowlegde/reactknowledgedepot/src/index.js
> git cat-file -s 53e314f7f73723f4517620d1cafdabfe40e1e9ab
> git show --textconv :src/reducers/users.js
> git ls-files --stage -- /home/petro/Desktop/reactKnowlegde/reactknowledgedepot/src/reducers/users.js
> git cat-file -s 357872d2f314a5840d8b80cdaac50be6afb5590d
> git show --textconv :src/index.js
> git ls-files --stage -- /home/petro/Desktop/reactKnowlegde/reactknowledgedepot/src/index.js
> git cat-file -s 53e314f7f73723f4517620d1cafdabfe40e1e9ab
> git show --textconv :src/components/AdminSettings.js
> git ls-files --stage -- /home/petro/Desktop/reactKnowlegde/reactknowledgedepot/src/components/AdminSettings.js
> git cat-file -s ee43552ac68467ea5ac56aa99f5f1c2d5b320dcf
> git show --textconv :src/actions/index.js
> git ls-files --stage -- /home/petro/Desktop/reactKnowlegde/reactknowledgedepot/src/actions/index.js
> git cat-file -s eabd1fd4808df94df49c30a17a7c019920ba0b74
> git show --textconv :src/components/AdminSettings.js
> git ls-files --stage -- /home/petro/Desktop/reactKnowlegde/reactknowledgedepot/src/components/AdminSettings.js
> git cat-file -s ee43552ac68467ea5ac56aa99f5f1c2d5b320dcf
> git show --textconv :src/actions/users.js
> git ls-files --stage -- /home/petro/Desktop/reactKnowlegde/reactknowledgedepot/src/actions/users.js
> git cat-file -s 7f2cbc9a74c738fdffc699620ae97ef5a0ea0611
> git show --textconv :src/components/AdminSettings.js
> git ls-files --stage -- /home/petro/Desktop/reactKnowlegde/reactknowledgedepot/src/components/AdminSettings.js
> git cat-file -s ee43552ac68467ea5ac56aa99f5f1c2d5b320dcf
> git show --textconv :src/index.js
> git ls-files --stage -- /home/petro/Desktop/reactKnowlegde/reactknowledgedepot/src/index.js
> git cat-file -s 53e314f7f73723f4517620d1cafdabfe40e1e9ab
> git show --textconv :src/components/AdminSettings.js
> git ls-files --stage -- /home/petro/Desktop/reactKnowlegde/reactknowledgedepot/src/components/AdminSettings.js
> git cat-file -s ee43552ac68467ea5ac56aa99f5f1c2d5b320dcf
> git show --textconv :src/actions/sqldump.js
> git ls-files --stage -- /home/petro/Desktop/reactKnowlegde/reactknowledgedepot/src/actions/sqldump.js
> git show --textconv :src/urls/index.js
> git ls-files --stage -- /home/petro/Desktop/reactKnowlegde/reactknowledgedepot/src/urls/index.js
> git cat-file -s d855b25273f8f3422c1e2ae99d7fe5d1ed323051
> git show --textconv :src/actions/sqldump.js
> git ls-files --stage -- /home/petro/Desktop/reactKnowlegde/reactknowledgedepot/src/actions/sqldump.js
> git show --textconv :src/urls/index.js
> git ls-files --stage -- /home/petro/Desktop/reactKnowlegde/reactknowledgedepot/src/urls/index.js
> git cat-file -s d855b25273f8f3422c1e2ae99d7fe5d1ed323051
> git show --textconv :src/actions/sqldump.js
> git ls-files --stage -- /home/petro/Desktop/reactKnowlegde/reactknowledgedepot/src/actions/sqldump.js
> git show --textconv :src/urls/index.js
> git ls-files --stage -- /home/petro/Desktop/reactKnowlegde/reactknowledgedepot/src/urls/index.js
> git cat-file -s d855b25273f8f3422c1e2ae99d7fe5d1ed323051
> git show --textconv :src/actions/sqldump.js
> git ls-files --stage -- /home/petro/Desktop/reactKnowlegde/reactknowledgedepot/src/actions/sqldump.js
> git show --textconv :src/reducers/settings.js
> git ls-files --stage -- /home/petro/Desktop/reactKnowlegde/reactknowledgedepot/src/reducers/settings.js
> git cat-file -s 927962192a155a16fa124c0b9cab10cf6b1eea8e
> git show --textconv :src/actions/sqldump.js
> git ls-files --stage -- /home/petro/Desktop/reactKnowlegde/reactknowledgedepot/src/actions/sqldump.js
> git show --textconv :src/reducers/settings.js
> git ls-files --stage -- /home/petro/Desktop/reactKnowlegde/reactknowledgedepot/src/reducers/settings.js
> git cat-file -s 927962192a155a16fa124c0b9cab10cf6b1eea8e
> git show --textconv :src/actions/sqldump.js
> git ls-files --stage -- /home/petro/Desktop/reactKnowlegde/reactknowledgedepot/src/actions/sqldump.js
> git show --textconv :src/reducers/settings.js
> git ls-files --stage -- /home/petro/Desktop/reactKnowlegde/reactknowledgedepot/src/reducers/settings.js
> git cat-file -s 927962192a155a16fa124c0b9cab10cf6b1eea8e
> git show --textconv :src/actions/sqldump.js
> git ls-files --stage -- /home/petro/Desktop/reactKnowlegde/reactknowledgedepot/src/actions/sqldump.js
> git show --textconv :src/reducers/settings.js
> git ls-files --stage -- /home/petro/Desktop/reactKnowlegde/reactknowledgedepot/src/reducers/settings.js
> git cat-file -s 927962192a155a16fa124c0b9cab10cf6b1eea8e
> git show --textconv :src/actions/sqldump.js
> git ls-files --stage -- /home/petro/Desktop/reactKnowlegde/reactknowledgedepot/src/actions/sqldump.js
> git show --textconv :src/components/AdminSettings.js
> git ls-files --stage -- /home/petro/Desktop/reactKnowlegde/reactknowledgedepot/src/components/AdminSettings.js
> git cat-file -s ee43552ac68467ea5ac56aa99f5f1c2d5b320dcf
> git show --textconv :src/reducers/settings.js
> git ls-files --stage -- /home/petro/Desktop/reactKnowlegde/reactknowledgedepot/src/reducers/settings.js
> git cat-file -s 927962192a155a16fa124c0b9cab10cf6b1eea8e
> git show --textconv :src/components/AdminSettings.js
> git ls-files --stage -- /home/petro/Desktop/reactKnowlegde/reactknowledgedepot/src/components/AdminSettings.js
> git cat-file -s ee43552ac68467ea5ac56aa99f5f1c2d5b320dcf
> git show --textconv :src/reducers/settings.js
> git ls-files --stage -- /home/petro/Desktop/reactKnowlegde/reactknowledgedepot/src/reducers/settings.js
> git cat-file -s 927962192a155a16fa124c0b9cab10cf6b1eea8e
> git show --textconv :src/components/AdminSettings.js
> git ls-files --stage -- /home/petro/Desktop/reactKnowlegde/reactknowledgedepot/src/components/AdminSettings.js
> git cat-file -s ee43552ac68467ea5ac56aa99f5f1c2d5b320dcf
> git show --textconv :src/reducers/loginsignup.js
> git ls-files --stage -- /home/petro/Desktop/reactKnowlegde/reactknowledgedepot/src/reducers/loginsignup.js
> git cat-file -s 73ac6593b26f09faf2c1aa8ae8278f7caff48b48
> git show --textconv :src/components/AdminSettings.js
> git ls-files --stage -- /home/petro/Desktop/reactKnowlegde/reactknowledgedepot/src/components/AdminSettings.js
> git cat-file -s 4071e96c37aa845a582fb7ed57a704bf95e60d1e
> git status -z -u
> git ls-files --stage -- /home/petro/Desktop/reactKnowlegde/reactknowledgedepot/src/components/AdminSettings.js
> git symbolic-ref --short HEAD
> git cat-file -s 0e8ce84938388a949fd0fb533d5894066b617a90
> git for-each-ref --format=%(refname)%00%(upstream:short)%00%(upstream:track)%00%(objectname) refs/heads/master refs/remotes/master
> git show --textconv :src/components/AdminSettings.js
> git for-each-ref --sort -committerdate --format %(refname) %(objectname) %(*objectname)
> git remote --verbose
> git config --get commit.template
> git status -z -u
> git symbolic-ref --short HEAD
> git for-each-ref --format=%(refname)%00%(upstream:short)%00%(upstream:track)%00%(objectname) refs/heads/master refs/remotes/master
> git for-each-ref --sort -committerdate --format %(refname) %(objectname) %(*objectname)
> git remote --verbose
> git config --get commit.template
> git show --textconv :src/reducers/loginsignup.js
> git ls-files --stage -- /home/petro/Desktop/reactKnowlegde/reactknowledgedepot/src/reducers/loginsignup.js
> git cat-file -s 574858601cc7ff611053e21df866c503fc491315
> git show --textconv :src/components/AdminSettings.js
> git ls-files --stage -- /home/petro/Desktop/reactKnowlegde/reactknowledgedepot/src/components/AdminSettings.js
> git cat-file -s 0e8ce84938388a949fd0fb533d5894066b617a90
> git show --textconv :src/components/AdmineditQuestions.js
> git ls-files --stage -- /home/petro/Desktop/reactKnowlegde/reactknowledgedepot/src/components/AdmineditQuestions.js
> git cat-file -s 34bbaafd54f4bba188aca0a94ffb8bb6d5cf256a
> git status -z -u
> git ls-files --stage -- /home/petro/Desktop/reactKnowlegde/reactknowledgedepot/src/components/AdmineditQuestions.js
> git symbolic-ref --short HEAD
> git cat-file -s 3ce8f84b6e6fd3f08d2646eaba2c91328be4e372
> git for-each-ref --format=%(refname)%00%(upstream:short)%00%(upstream:track)%00%(objectname) refs/heads/master refs/remotes/master
> git show --textconv :src/components/AdmineditQuestions.js
> git for-each-ref --sort -committerdate --format %(refname) %(objectname) %(*objectname)
> git remote --verbose
> git config --get commit.template
> git status -z -u
> git symbolic-ref --short HEAD
> git for-each-ref --format=%(refname)%00%(upstream:short)%00%(upstream:track)%00%(objectname) refs/heads/master refs/remotes/master
> git for-each-ref --sort -committerdate --format %(refname) %(objectname) %(*objectname)
> git remote --verbose
> git config --get commit.template
> git status -z -u
> git ls-files --stage -- /home/petro/Desktop/reactKnowlegde/reactknowledgedepot/src/components/AdmineditQuestions.js
> git symbolic-ref --short HEAD
> git cat-file -s 3ce8f84b6e6fd3f08d2646eaba2c91328be4e372
> git for-each-ref --format=%(refname)%00%(upstream:short)%00%(upstream:track)%00%(objectname) refs/heads/master refs/remotes/master
> git show --textconv :src/components/AdmineditQuestions.js
> git for-each-ref --sort -committerdate --format %(refname) %(objectname) %(*objectname)
> git remote --verbose
> git config --get commit.template
