[2023-04-14 12:15:18.818] [renderer1] [error] <semantic> TypeScript Server Error (4.2.3)
Debug Failure. Did not expect JsxClosingFragment to have an Identifier in its trivia
Error: Debug Failure. Did not expect JsxClosingFragment to have an Identifier in its trivia
    at addSyntheticNodes (/usr/share/code/resources/app/extensions/node_modules/typescript/lib/tsserver.js:148121:30)
    at createChildren (/usr/share/code/resources/app/extensions/node_modules/typescript/lib/tsserver.js:148110:9)
    at NodeObject.getChildren (/usr/share/code/resources/app/extensions/node_modules/typescript/lib/tsserver.js:148054:56)
    at find (/usr/share/code/resources/app/extensions/node_modules/typescript/lib/tsserver.js:115922:30)
    at find (/usr/share/code/resources/app/extensions/node_modules/typescript/lib/tsserver.js:115956:32)
    at find (/usr/share/code/resources/app/extensions/node_modules/typescript/lib/tsserver.js:115956:32)
    at find (/usr/share/code/resources/app/extensions/node_modules/typescript/lib/tsserver.js:115956:32)
    at find (/usr/share/code/resources/app/extensions/node_modules/typescript/lib/tsserver.js:115956:32)
    at find (/usr/share/code/resources/app/extensions/node_modules/typescript/lib/tsserver.js:115956:32)
    at find (/usr/share/code/resources/app/extensions/node_modules/typescript/lib/tsserver.js:115956:32)
    at find (/usr/share/code/resources/app/extensions/node_modules/typescript/lib/tsserver.js:115956:32)
    at find (/usr/share/code/resources/app/extensions/node_modules/typescript/lib/tsserver.js:115956:32)
    at find (/usr/share/code/resources/app/extensions/node_modules/typescript/lib/tsserver.js:115956:32)
    at find (/usr/share/code/resources/app/extensions/node_modules/typescript/lib/tsserver.js:115956:32)
    at find (/usr/share/code/resources/app/extensions/node_modules/typescript/lib/tsserver.js:115956:32)
    at find (/usr/share/code/resources/app/extensions/node_modules/typescript/lib/tsserver.js:115956:32)
    at Object.findPrecedingToken (/usr/share/code/resources/app/extensions/node_modules/typescript/lib/tsserver.js:115915:22)
    at Object.getCompletionsAtPosition (/usr/share/code/resources/app/extensions/node_modules/typescript/lib/tsserver.js:119615:35)
    at Proxy.getCompletionsAtPosition (/usr/share/code/resources/app/extensions/node_modules/typescript/lib/tsserver.js:149234:35)
    at IOSession.Session.getCompletions (/usr/share/code/resources/app/extensions/node_modules/typescript/lib/tsserver.js:160329:64)
    at Session.handlers.ts.Map.ts.getEntries._a.<computed> (/usr/share/code/resources/app/extensions/node_modules/typescript/lib/tsserver.js:159208:61)
    at /usr/share/code/resources/app/extensions/node_modules/typescript/lib/tsserver.js:160963:88
    at IOSession.Session.executeWithRequestId (/usr/share/code/resources/app/extensions/node_modules/typescript/lib/tsserver.js:160954:28)
    at IOSession.Session.executeCommand (/usr/share/code/resources/app/extensions/node_modules/typescript/lib/tsserver.js:160963:33)
    at IOSession.Session.onMessage (/usr/share/code/resources/app/extensions/node_modules/typescript/lib/tsserver.js:160989:35)
    at Interface.<anonymous> (/usr/share/code/resources/app/extensions/node_modules/typescript/lib/tsserver.js:163650:31)
    at Interface.emit (events.js:315:20)
    at Interface._onLine (readline.js:329:10)
    at Interface._normalWrite (readline.js:474:12)
    at Socket.ondata (readline.js:186:10)
    at Socket.emit (events.js:315:20)
    at addChunk (_stream_readable.js:295:12)
    at readableAddChunk (_stream_readable.js:271:9)
    at Socket.Readable.push (_stream_readable.js:212:10)
    at Pipe.onStreamRead (internal/stream_base_commons.js:186:23): Error: <semantic> TypeScript Server Error (4.2.3)
Debug Failure. Did not expect JsxClosingFragment to have an Identifier in its trivia
Error: Debug Failure. Did not expect JsxClosingFragment to have an Identifier in its trivia
    at addSyntheticNodes (/usr/share/code/resources/app/extensions/node_modules/typescript/lib/tsserver.js:148121:30)
    at createChildren (/usr/share/code/resources/app/extensions/node_modules/typescript/lib/tsserver.js:148110:9)
    at NodeObject.getChildren (/usr/share/code/resources/app/extensions/node_modules/typescript/lib/tsserver.js:148054:56)
    at find (/usr/share/code/resources/app/extensions/node_modules/typescript/lib/tsserver.js:115922:30)
    at find (/usr/share/code/resources/app/extensions/node_modules/typescript/lib/tsserver.js:115956:32)
    at find (/usr/share/code/resources/app/extensions/node_modules/typescript/lib/tsserver.js:115956:32)
    at find (/usr/share/code/resources/app/extensions/node_modules/typescript/lib/tsserver.js:115956:32)
    at find (/usr/share/code/resources/app/extensions/node_modules/typescript/lib/tsserver.js:115956:32)
    at find (/usr/share/code/resources/app/extensions/node_modules/typescript/lib/tsserver.js:115956:32)
    at find (/usr/share/code/resources/app/extensions/node_modules/typescript/lib/tsserver.js:115956:32)
    at find (/usr/share/code/resources/app/extensions/node_modules/typescript/lib/tsserver.js:115956:32)
    at find (/usr/share/code/resources/app/extensions/node_modules/typescript/lib/tsserver.js:115956:32)
    at find (/usr/share/code/resources/app/extensions/node_modules/typescript/lib/tsserver.js:115956:32)
    at find (/usr/share/code/resources/app/extensions/node_modules/typescript/lib/tsserver.js:115956:32)
    at find (/usr/share/code/resources/app/extensions/node_modules/typescript/lib/tsserver.js:115956:32)
    at find (/usr/share/code/resources/app/extensions/node_modules/typescript/lib/tsserver.js:115956:32)
    at Object.findPrecedingToken (/usr/share/code/resources/app/extensions/node_modules/typescript/lib/tsserver.js:115915:22)
    at Object.getCompletionsAtPosition (/usr/share/code/resources/app/extensions/node_modules/typescript/lib/tsserver.js:119615:35)
    at Proxy.getCompletionsAtPosition (/usr/share/code/resources/app/extensions/node_modules/typescript/lib/tsserver.js:149234:35)
    at IOSession.Session.getCompletions (/usr/share/code/resources/app/extensions/node_modules/typescript/lib/tsserver.js:160329:64)
    at Session.handlers.ts.Map.ts.getEntries._a.<computed> (/usr/share/code/resources/app/extensions/node_modules/typescript/lib/tsserver.js:159208:61)
    at /usr/share/code/resources/app/extensions/node_modules/typescript/lib/tsserver.js:160963:88
    at IOSession.Session.executeWithRequestId (/usr/share/code/resources/app/extensions/node_modules/typescript/lib/tsserver.js:160954:28)
    at IOSession.Session.executeCommand (/usr/share/code/resources/app/extensions/node_modules/typescript/lib/tsserver.js:160963:33)
    at IOSession.Session.onMessage (/usr/share/code/resources/app/extensions/node_modules/typescript/lib/tsserver.js:160989:35)
    at Interface.<anonymous> (/usr/share/code/resources/app/extensions/node_modules/typescript/lib/tsserver.js:163650:31)
    at Interface.emit (events.js:315:20)
    at Interface._onLine (readline.js:329:10)
    at Interface._normalWrite (readline.js:474:12)
    at Socket.ondata (readline.js:186:10)
    at Socket.emit (events.js:315:20)
    at addChunk (_stream_readable.js:295:12)
    at readableAddChunk (_stream_readable.js:271:9)
    at Socket.Readable.push (_stream_readable.js:212:10)
    at Pipe.onStreamRead (internal/stream_base_commons.js:186:23)
	at Function.create (/usr/share/code/resources/app/extensions/typescript-language-features/dist/extension.js:1:70135)
	at dispatchResponse (/usr/share/code/resources/app/extensions/typescript-language-features/dist/extension.js:1:64010)
	at dispatchMessage (/usr/share/code/resources/app/extensions/typescript-language-features/dist/extension.js:1:62869)
	at /usr/share/code/resources/app/extensions/typescript-language-features/dist/extension.js:1:62379
	at _.fire (/usr/share/code/resources/app/out/vs/workbench/services/extensions/node/extensionHostProcess.js:57:1836)
	at g.onLengthData (/usr/share/code/resources/app/extensions/typescript-language-features/dist/extension.js:1:431342)
	at Socket.<anonymous> (/usr/share/code/resources/app/extensions/typescript-language-features/dist/extension.js:1:430990)
	at Socket.emit (events.js:315:20)
	at addChunk (_stream_readable.js:295:12)
	at readableAddChunk (_stream_readable.js:271:9)
	at Socket.Readable.push (_stream_readable.js:212:10)
	at Pipe.onStreamRead (internal/stream_base_commons.js:186:23)
[2023-04-14 12:15:19.990] [renderer1] [error] <semantic> TypeScript Server Error (4.2.3)
Debug Failure. Did not expect JsxClosingFragment to have an Identifier in its trivia
Error: Debug Failure. Did not expect JsxClosingFragment to have an Identifier in its trivia
    at addSyntheticNodes (/usr/share/code/resources/app/extensions/node_modules/typescript/lib/tsserver.js:148121:30)
    at createChildren (/usr/share/code/resources/app/extensions/node_modules/typescript/lib/tsserver.js:148110:9)
    at NodeObject.getChildren (/usr/share/code/resources/app/extensions/node_modules/typescript/lib/tsserver.js:148054:56)
    at findRightmostToken (/usr/share/code/resources/app/extensions/node_modules/typescript/lib/tsserver.js:115977:26)
    at findRightmostToken (/usr/share/code/resources/app/extensions/node_modules/typescript/lib/tsserver.js:115982:29)
    at findRightmostToken (/usr/share/code/resources/app/extensions/node_modules/typescript/lib/tsserver.js:115982:29)
    at findRightmostToken (/usr/share/code/resources/app/extensions/node_modules/typescript/lib/tsserver.js:115982:29)
    at findRightmostToken (/usr/share/code/resources/app/extensions/node_modules/typescript/lib/tsserver.js:115982:29)
    at findRightmostToken (/usr/share/code/resources/app/extensions/node_modules/typescript/lib/tsserver.js:115982:29)
    at findRightmostToken (/usr/share/code/resources/app/extensions/node_modules/typescript/lib/tsserver.js:115982:29)
    at findRightmostToken (/usr/share/code/resources/app/extensions/node_modules/typescript/lib/tsserver.js:115982:29)
    at findRightmostToken (/usr/share/code/resources/app/extensions/node_modules/typescript/lib/tsserver.js:115982:29)
    at findRightmostToken (/usr/share/code/resources/app/extensions/node_modules/typescript/lib/tsserver.js:115982:29)
    at find (/usr/share/code/resources/app/extensions/node_modules/typescript/lib/tsserver.js:115966:33)
    at findPrecedingToken (/usr/share/code/resources/app/extensions/node_modules/typescript/lib/tsserver.js:115915:22)
    at getTokenAtPositionWorker (/usr/share/code/resources/app/extensions/node_modules/typescript/lib/tsserver.js:115865:41)
    at getTouchingToken (/usr/share/code/resources/app/extensions/node_modules/typescript/lib/tsserver.js:115839:16)
    at Object.getTouchingPropertyName (/usr/share/code/resources/app/extensions/node_modules/typescript/lib/tsserver.js:115831:16)
    at Object.getDocumentHighlights (/usr/share/code/resources/app/extensions/node_modules/typescript/lib/tsserver.js:121934:27)
    at Proxy.getDocumentHighlights (/usr/share/code/resources/app/extensions/node_modules/typescript/lib/tsserver.js:149331:42)
    at IOSession.Session.getDocumentHighlights (/usr/share/code/resources/app/extensions/node_modules/typescript/lib/tsserver.js:159987:71)
    at Session.handlers.ts.Map.ts.getEntries._a.<computed> (/usr/share/code/resources/app/extensions/node_modules/typescript/lib/tsserver.js:159315:61)
    at /usr/share/code/resources/app/extensions/node_modules/typescript/lib/tsserver.js:160963:88
    at IOSession.Session.executeWithRequestId (/usr/share/code/resources/app/extensions/node_modules/typescript/lib/tsserver.js:160954:28)
    at IOSession.Session.executeCommand (/usr/share/code/resources/app/extensions/node_modules/typescript/lib/tsserver.js:160963:33)
    at IOSession.Session.onMessage (/usr/share/code/resources/app/extensions/node_modules/typescript/lib/tsserver.js:160989:35)
    at Interface.<anonymous> (/usr/share/code/resources/app/extensions/node_modules/typescript/lib/tsserver.js:163650:31)
    at Interface.emit (events.js:315:20)
    at Interface._onLine (readline.js:329:10)
    at Interface._normalWrite (readline.js:474:12)
    at Socket.ondata (readline.js:186:10)
    at Socket.emit (events.js:315:20)
    at addChunk (_stream_readable.js:295:12)
    at readableAddChunk (_stream_readable.js:271:9)
    at Socket.Readable.push (_stream_readable.js:212:10)
    at Pipe.onStreamRead (internal/stream_base_commons.js:186:23): Error: <semantic> TypeScript Server Error (4.2.3)
Debug Failure. Did not expect JsxClosingFragment to have an Identifier in its trivia
Error: Debug Failure. Did not expect JsxClosingFragment to have an Identifier in its trivia
    at addSyntheticNodes (/usr/share/code/resources/app/extensions/node_modules/typescript/lib/tsserver.js:148121:30)
    at createChildren (/usr/share/code/resources/app/extensions/node_modules/typescript/lib/tsserver.js:148110:9)
    at NodeObject.getChildren (/usr/share/code/resources/app/extensions/node_modules/typescript/lib/tsserver.js:148054:56)
    at findRightmostToken (/usr/share/code/resources/app/extensions/node_modules/typescript/lib/tsserver.js:115977:26)
    at findRightmostToken (/usr/share/code/resources/app/extensions/node_modules/typescript/lib/tsserver.js:115982:29)
    at findRightmostToken (/usr/share/code/resources/app/extensions/node_modules/typescript/lib/tsserver.js:115982:29)
    at findRightmostToken (/usr/share/code/resources/app/extensions/node_modules/typescript/lib/tsserver.js:115982:29)
    at findRightmostToken (/usr/share/code/resources/app/extensions/node_modules/typescript/lib/tsserver.js:115982:29)
    at findRightmostToken (/usr/share/code/resources/app/extensions/node_modules/typescript/lib/tsserver.js:115982:29)
    at findRightmostToken (/usr/share/code/resources/app/extensions/node_modules/typescript/lib/tsserver.js:115982:29)
    at findRightmostToken (/usr/share/code/resources/app/extensions/node_modules/typescript/lib/tsserver.js:115982:29)
    at findRightmostToken (/usr/share/code/resources/app/extensions/node_modules/typescript/lib/tsserver.js:115982:29)
    at findRightmostToken (/usr/share/code/resources/app/extensions/node_modules/typescript/lib/tsserver.js:115982:29)
    at find (/usr/share/code/resources/app/extensions/node_modules/typescript/lib/tsserver.js:115966:33)
    at findPrecedingToken (/usr/share/code/resources/app/extensions/node_modules/typescript/lib/tsserver.js:115915:22)
    at getTokenAtPositionWorker (/usr/share/code/resources/app/extensions/node_modules/typescript/lib/tsserver.js:115865:41)
    at getTouchingToken (/usr/share/code/resources/app/extensions/node_modules/typescript/lib/tsserver.js:115839:16)
    at Object.getTouchingPropertyName (/usr/share/code/resources/app/extensions/node_modules/typescript/lib/tsserver.js:115831:16)
    at Object.getDocumentHighlights (/usr/share/code/resources/app/extensions/node_modules/typescript/lib/tsserver.js:121934:27)
    at Proxy.getDocumentHighlights (/usr/share/code/resources/app/extensions/node_modules/typescript/lib/tsserver.js:149331:42)
    at IOSession.Session.getDocumentHighlights (/usr/share/code/resources/app/extensions/node_modules/typescript/lib/tsserver.js:159987:71)
    at Session.handlers.ts.Map.ts.getEntries._a.<computed> (/usr/share/code/resources/app/extensions/node_modules/typescript/lib/tsserver.js:159315:61)
    at /usr/share/code/resources/app/extensions/node_modules/typescript/lib/tsserver.js:160963:88
    at IOSession.Session.executeWithRequestId (/usr/share/code/resources/app/extensions/node_modules/typescript/lib/tsserver.js:160954:28)
    at IOSession.Session.executeCommand (/usr/share/code/resources/app/extensions/node_modules/typescript/lib/tsserver.js:160963:33)
    at IOSession.Session.onMessage (/usr/share/code/resources/app/extensions/node_modules/typescript/lib/tsserver.js:160989:35)
    at Interface.<anonymous> (/usr/share/code/resources/app/extensions/node_modules/typescript/lib/tsserver.js:163650:31)
    at Interface.emit (events.js:315:20)
    at Interface._onLine (readline.js:329:10)
    at Interface._normalWrite (readline.js:474:12)
    at Socket.ondata (readline.js:186:10)
    at Socket.emit (events.js:315:20)
    at addChunk (_stream_readable.js:295:12)
    at readableAddChunk (_stream_readable.js:271:9)
    at Socket.Readable.push (_stream_readable.js:212:10)
    at Pipe.onStreamRead (internal/stream_base_commons.js:186:23)
	at Function.create (/usr/share/code/resources/app/extensions/typescript-language-features/dist/extension.js:1:70135)
	at dispatchResponse (/usr/share/code/resources/app/extensions/typescript-language-features/dist/extension.js:1:64010)
	at dispatchMessage (/usr/share/code/resources/app/extensions/typescript-language-features/dist/extension.js:1:62869)
	at /usr/share/code/resources/app/extensions/typescript-language-features/dist/extension.js:1:62379
	at _.fire (/usr/share/code/resources/app/out/vs/workbench/services/extensions/node/extensionHostProcess.js:57:1836)
	at g.onLengthData (/usr/share/code/resources/app/extensions/typescript-language-features/dist/extension.js:1:431342)
	at Socket.<anonymous> (/usr/share/code/resources/app/extensions/typescript-language-features/dist/extension.js:1:430990)
	at Socket.emit (events.js:315:20)
	at addChunk (_stream_readable.js:295:12)
	at readableAddChunk (_stream_readable.js:271:9)
	at Socket.Readable.push (_stream_readable.js:212:10)
	at Pipe.onStreamRead (internal/stream_base_commons.js:186:23)
[2023-04-14 12:15:23.151] [renderer1] [error] <semantic> TypeScript Server Error (4.2.3)
Debug Failure. Did not expect JsxClosingFragment to have an Identifier in its trivia
Error: Debug Failure. Did not expect JsxClosingFragment to have an Identifier in its trivia
    at addSyntheticNodes (/usr/share/code/resources/app/extensions/node_modules/typescript/lib/tsserver.js:148121:30)
    at createChildren (/usr/share/code/resources/app/extensions/node_modules/typescript/lib/tsserver.js:148110:9)
    at NodeObject.getChildren (/usr/share/code/resources/app/extensions/node_modules/typescript/lib/tsserver.js:148054:56)
    at getTokenAtPositionWorker (/usr/share/code/resources/app/extensions/node_modules/typescript/lib/tsserver.js:115852:43)
    at getTouchingToken (/usr/share/code/resources/app/extensions/node_modules/typescript/lib/tsserver.js:115839:16)
    at Object.getTouchingPropertyName (/usr/share/code/resources/app/extensions/node_modules/typescript/lib/tsserver.js:115831:16)
    at Proxy.getQuickInfoAtPosition (/usr/share/code/resources/app/extensions/node_modules/typescript/lib/tsserver.js:149250:27)
    at IOSession.Session.getQuickInfoWorker (/usr/share/code/resources/app/extensions/node_modules/typescript/lib/tsserver.js:160226:62)
    at Session.handlers.ts.Map.ts.getEntries._a.<computed> (/usr/share/code/resources/app/extensions/node_modules/typescript/lib/tsserver.js:159154:61)
    at /usr/share/code/resources/app/extensions/node_modules/typescript/lib/tsserver.js:160963:88
    at IOSession.Session.executeWithRequestId (/usr/share/code/resources/app/extensions/node_modules/typescript/lib/tsserver.js:160954:28)
    at IOSession.Session.executeCommand (/usr/share/code/resources/app/extensions/node_modules/typescript/lib/tsserver.js:160963:33)
    at IOSession.Session.onMessage (/usr/share/code/resources/app/extensions/node_modules/typescript/lib/tsserver.js:160989:35)
    at Interface.<anonymous> (/usr/share/code/resources/app/extensions/node_modules/typescript/lib/tsserver.js:163650:31)
    at Interface.emit (events.js:315:20)
    at Interface._onLine (readline.js:329:10)
    at Interface._normalWrite (readline.js:474:12)
    at Socket.ondata (readline.js:186:10)
    at Socket.emit (events.js:315:20)
    at addChunk (_stream_readable.js:295:12)
    at readableAddChunk (_stream_readable.js:271:9)
    at Socket.Readable.push (_stream_readable.js:212:10)
    at Pipe.onStreamRead (internal/stream_base_commons.js:186:23): Error: <semantic> TypeScript Server Error (4.2.3)
Debug Failure. Did not expect JsxClosingFragment to have an Identifier in its trivia
Error: Debug Failure. Did not expect JsxClosingFragment to have an Identifier in its trivia
    at addSyntheticNodes (/usr/share/code/resources/app/extensions/node_modules/typescript/lib/tsserver.js:148121:30)
    at createChildren (/usr/share/code/resources/app/extensions/node_modules/typescript/lib/tsserver.js:148110:9)
    at NodeObject.getChildren (/usr/share/code/resources/app/extensions/node_modules/typescript/lib/tsserver.js:148054:56)
    at getTokenAtPositionWorker (/usr/share/code/resources/app/extensions/node_modules/typescript/lib/tsserver.js:115852:43)
    at getTouchingToken (/usr/share/code/resources/app/extensions/node_modules/typescript/lib/tsserver.js:115839:16)
    at Object.getTouchingPropertyName (/usr/share/code/resources/app/extensions/node_modules/typescript/lib/tsserver.js:115831:16)
    at Proxy.getQuickInfoAtPosition (/usr/share/code/resources/app/extensions/node_modules/typescript/lib/tsserver.js:149250:27)
    at IOSession.Session.getQuickInfoWorker (/usr/share/code/resources/app/extensions/node_modules/typescript/lib/tsserver.js:160226:62)
    at Session.handlers.ts.Map.ts.getEntries._a.<computed> (/usr/share/code/resources/app/extensions/node_modules/typescript/lib/tsserver.js:159154:61)
    at /usr/share/code/resources/app/extensions/node_modules/typescript/lib/tsserver.js:160963:88
    at IOSession.Session.executeWithRequestId (/usr/share/code/resources/app/extensions/node_modules/typescript/lib/tsserver.js:160954:28)
    at IOSession.Session.executeCommand (/usr/share/code/resources/app/extensions/node_modules/typescript/lib/tsserver.js:160963:33)
    at IOSession.Session.onMessage (/usr/share/code/resources/app/extensions/node_modules/typescript/lib/tsserver.js:160989:35)
    at Interface.<anonymous> (/usr/share/code/resources/app/extensions/node_modules/typescript/lib/tsserver.js:163650:31)
    at Interface.emit (events.js:315:20)
    at Interface._onLine (readline.js:329:10)
    at Interface._normalWrite (readline.js:474:12)
    at Socket.ondata (readline.js:186:10)
    at Socket.emit (events.js:315:20)
    at addChunk (_stream_readable.js:295:12)
    at readableAddChunk (_stream_readable.js:271:9)
    at Socket.Readable.push (_stream_readable.js:212:10)
    at Pipe.onStreamRead (internal/stream_base_commons.js:186:23)
	at Function.create (/usr/share/code/resources/app/extensions/typescript-language-features/dist/extension.js:1:70135)
	at dispatchResponse (/usr/share/code/resources/app/extensions/typescript-language-features/dist/extension.js:1:64010)
	at dispatchMessage (/usr/share/code/resources/app/extensions/typescript-language-features/dist/extension.js:1:62869)
	at /usr/share/code/resources/app/extensions/typescript-language-features/dist/extension.js:1:62379
	at _.fire (/usr/share/code/resources/app/out/vs/workbench/services/extensions/node/extensionHostProcess.js:57:1836)
	at g.onLengthData (/usr/share/code/resources/app/extensions/typescript-language-features/dist/extension.js:1:431342)
	at Socket.<anonymous> (/usr/share/code/resources/app/extensions/typescript-language-features/dist/extension.js:1:430990)
	at Socket.emit (events.js:315:20)
	at addChunk (_stream_readable.js:295:12)
	at readableAddChunk (_stream_readable.js:271:9)
	at Socket.Readable.push (_stream_readable.js:212:10)
	at Pipe.onStreamRead (internal/stream_base_commons.js:186:23)
